#
# A fatal error has been detected by the Java Runtime Environment:
#
#  EXCEPTION_ACCESS_VIOLATION (0xc0000005) at pc=0x00007fff39085bd2, pid=9120, tid=7228
#
# JRE version: OpenJDK Runtime Environment Temurin-17.0.4.1+1 (17.0.4.1+1) (build 17.0.4.1+1)
# Java VM: OpenJDK 64-Bit Server VM Temurin-17.0.4.1+1 (17.0.4.1+1, mixed mode, emulated-client, tiered, compressed oops, compressed class ptrs, g1 gc, windows-amd64)
# Problematic frame:
# V  [jvm.dll+0x2d5bd2]
#
# No core dump will be written. Minidumps are not enabled by default on client versions of Windows
#
# If you would like to submit a bug report, please visit:
#   https://github.com/adoptium/adoptium-support/issues
#

---------------  S U M M A R Y ------------

Command Line: -Dcom.sun.management.jmxremote -Dcom.sun.management.jmxremote.port=56779 -Dcom.sun.management.jmxremote.authenticate=false -Dcom.sun.management.jmxremote.ssl=false -Djava.rmi.server.hostname=localhost -Dspring.jmx.enabled=true -Dspring.application.admin.enabled=true -XX:TieredStopAtLevel=1 -Dspring.boot.project.name=user -Dfile.encoding=UTF-8 -XX:+ShowCodeDetailsInExceptionMessages com.ecommerce.user.UserApplication --spring.output.ansi.enabled=always

Host: Intel(R) Pentium(R) CPU B940 @ 2.00GHz, 2 cores, 3G,  Windows 10 , 64 bit Build 19041 (10.0.19041.2251)
Time: Tue Nov 29 03:02:25 2022 Paris, Madrid elapsed time: 2165.521760 seconds (0d 0h 36m 5s)

---------------  T H R E A D  ---------------

Current thread (0x000001bf18f52fe0):  ConcurrentGCThread "G1 Conc#0" [stack: 0x0000000ffc000000,0x0000000ffc100000] [id=7228]

Stack: [0x0000000ffc000000,0x0000000ffc100000],  sp=0x0000000ffc0ffb10,  free space=1022k
Native frames: (J=compiled Java code, j=interpreted, Vv=VM code, C=native code)
V  [jvm.dll+0x2d5bd2]
V  [jvm.dll+0x2d591f]
V  [jvm.dll+0x2d416d]
V  [jvm.dll+0x2d3791]
V  [jvm.dll+0x2e924e]
V  [jvm.dll+0x2e59b1]
V  [jvm.dll+0x2e730c]
V  [jvm.dll+0x2e62e4]
V  [jvm.dll+0x2e9e76]
V  [jvm.dll+0x85f6bb]
V  [jvm.dll+0x85f706]
V  [jvm.dll+0x7e240a]
V  [jvm.dll+0x6761a5]
C  [ucrtbase.dll+0x21bb2]
C  [KERNEL32.DLL+0x174b4]
C  [ntdll.dll+0x526a1]


siginfo: EXCEPTION_ACCESS_VIOLATION (0xc0000005), reading address 0x00000000000000c0


Register to memory mapping:

RIP=0x00007fff39085bd2 jvm.dll
RAX=0x000001bf18f2b510 points into unknown readable memory: 0x0000000000000000 | 00 00 00 00 00 00 00 00
RBX=0x000001bf18f54bf0 points into unknown readable memory: 0x00007fff39702698 | 98 26 70 39 ff 7f 00 00
RCX=0x0000000000000014 is an unknown value
RDX=0x0 is NULL
RSP=0x0000000ffc0ffb10 points into unknown readable memory: 0x0000000100041de8 | e8 1d 04 00 01 00 00 00
RBP=0x0 is NULL
RSI=0x000001bf18f497a0 points into unknown readable memory: 0x000001bf18f51f20 | 20 1f f5 18 bf 01 00 00
RDI=0x0000000000000010 is an unknown value
R8 =0x0000000000000010 is an unknown value
R9 =0x0 is NULL
R10=0x0000000000000003 is an unknown value
R11=0x0000000000000003 is an unknown value
R12=0x0 is NULL
R13=0xaaaaaaaaaaaaaaab is an unknown value
R14=0x0000000000000001 is an unknown value
R15=0x0000000ffc0ffc90 points into unknown readable memory: 0x000001bf18f497a0 | a0 97 f4 18 bf 01 00 00


Registers:
RAX=0x000001bf18f2b510, RBX=0x000001bf18f54bf0, RCX=0x0000000000000014, RDX=0x0000000000000000
RSP=0x0000000ffc0ffb10, RBP=0x0000000000000000, RSI=0x000001bf18f497a0, RDI=0x0000000000000010
R8 =0x0000000000000010, R9 =0x0000000000000000, R10=0x0000000000000003, R11=0x0000000000000003
R12=0x0000000000000000, R13=0xaaaaaaaaaaaaaaab, R14=0x0000000000000001, R15=0x0000000ffc0ffc90
RIP=0x00007fff39085bd2, EFLAGS=0x0000000000010246

Top of Stack: (sp=0x0000000ffc0ffb10)
0x0000000ffc0ffb10:   0000000100041de8 0000000ffc0ffcd0
0x0000000ffc0ffb20:   00000000c1ae18a0 00007fff39083b4d
0x0000000ffc0ffb30:   0000000000000010 00007fff3908591f
0x0000000ffc0ffb40:   000001bf18f54bf0 0000000ffc0ffcd0
0x0000000ffc0ffb50:   00000000c2540418 0000000000000000
0x0000000ffc0ffb60:   0000000ffc0ffcd0 00007fff3908416d
0x0000000ffc0ffb70:   00000000c25403e4 0000000000000003
0x0000000ffc0ffb80:   0000000ffc0ffcd0 00000001000427c8
0x0000000ffc0ffb90:   0000000100057620 00007fff39083791
0x0000000ffc0ffba0:   000000000000005f 00000000c2540120
0x0000000ffc0ffbb0:   0000000ffc0ffc90 0000000000000000
0x0000000ffc0ffbc0:   000001bf18f54bf0 00007fff3909924e
0x0000000ffc0ffbd0:   00000000c2540120 000001bf18f497f0
0x0000000ffc0ffbe0:   0000000ffc0ffc90 000001bf18f497f0
0x0000000ffc0ffbf0:   00000000c2540120 00007fff390959b1
0x0000000ffc0ffc00:   00000000002e8024 0000000000000000 

Instructions: (pc=0x00007fff39085bd2)
0x00007fff39085ad2:   48 3b c8 75 ee 32 db 48 8b 6c 24 38 0f b6 c3 48
0x00007fff39085ae2:   8b 5c 24 30 48 8b 74 24 40 48 83 c4 20 5f c3 80
0x00007fff39085af2:   3d 67 38 89 00 00 b3 01 74 15 8b 57 08 8b 0d f3
0x00007fff39085b02:   77 82 00 48 d3 e2 48 03 15 e1 77 82 00 eb 04 48
0x00007fff39085b12:   8b 57 08 48 8b cf e8 63 6e d3 ff 4c 63 d8 48 8b
0x00007fff39085b22:   86 08 03 00 00 4c 8b 04 e8 49 8b 40 18 8b 88 c0
0x00007fff39085b32:   01 00 00 48 8b 90 b8 01 00 00 48 d3 e2 8b 0d 5b
0x00007fff39085b42:   41 89 00 48 2b fa 41 8b 50 60 48 d3 ef 44 8b d7
0x00007fff39085b52:   49 23 d2 48 c1 e2 04 49 03 50 40 8b 02 3b c7 74
0x00007fff39085b62:   2d 4c 8b 4a 08 4d 85 c9 74 0c 8b c8 49 8b 40 38
0x00007fff39085b72:   f0 4c 0f c1 0c c8 48 c7 42 08 00 00 00 00 44 89
0x00007fff39085b82:   12 49 ff 40 58 4c 01 5a 08 e9 49 ff ff ff 49 ff
0x00007fff39085b92:   40 50 4c 01 5a 08 e9 3c ff ff ff cc cc cc 48 89
0x00007fff39085ba2:   6c 24 10 48 89 74 24 18 57 48 83 ec 20 48 8b 41
0x00007fff39085bb2:   08 48 8b f1 4d 8b c8 8b ea 49 8b f8 8b 88 c0 01
0x00007fff39085bc2:   00 00 48 8b 80 b0 01 00 00 49 d3 e9 4e 8b 0c c8
0x00007fff39085bd2:   4d 3b 81 c0 00 00 00 72 12 32 c0 48 8b 6c 24 38
0x00007fff39085be2:   48 8b 74 24 40 48 83 c4 20 5f c3 48 89 5c 24 30
0x00007fff39085bf2:   48 8b d7 48 8b 9e 98 00 00 00 48 8b cb 48 8b 03
0x00007fff39085c02:   ff 10 8b 4b 18 48 8b d7 48 2b 53 08 48 8b 43 20
0x00007fff39085c12:   48 c1 ea 03 48 d3 ea 48 8b ca 48 c1 e9 06 4c 8d
0x00007fff39085c22:   04 c8 0f b6 ca 49 8b 00 80 e1 3f ba 01 00 00 00
0x00007fff39085c32:   48 d3 e2 48 8b c8 48 0b ca 48 3b c8 74 12 f0 49
0x00007fff39085c42:   0f b1 08 74 25 48 8b c8 48 0b ca 48 3b c8 75 ee
0x00007fff39085c52:   32 db 48 8b 6c 24 38 0f b6 c3 48 8b 5c 24 30 48
0x00007fff39085c62:   8b 74 24 40 48 83 c4 20 5f c3 80 3d ec 36 89 00
0x00007fff39085c72:   00 b3 01 74 15 8b 57 08 8b 0d 78 76 82 00 48 d3
0x00007fff39085c82:   e2 48 03 15 66 76 82 00 eb 04 48 8b 57 08 48 8b
0x00007fff39085c92:   cf e8 e8 6c d3 ff 4c 63 d8 48 8b 86 08 03 00 00
0x00007fff39085ca2:   4c 8b 04 e8 49 8b 40 18 8b 88 c0 01 00 00 48 8b
0x00007fff39085cb2:   90 b8 01 00 00 48 d3 e2 8b 0d e0 3f 89 00 48 2b
0x00007fff39085cc2:   fa 41 8b 50 60 48 d3 ef 44 8b d7 49 23 d2 48 c1 


Stack slot to memory mapping:
stack at sp + 0 slots: 0x0000000100041de8 is pointing into metadata
stack at sp + 1 slots: 0x0000000ffc0ffcd0 points into unknown readable memory: 0x00007fff397026b8 | b8 26 70 39 ff 7f 00 00
stack at sp + 2 slots: 0x00000000c1ae18a0 is an oop: [B 
{0x00000000c1ae18a0} - klass: {type array byte}
 - length: 31
stack at sp + 3 slots: 0x00007fff39083b4d jvm.dll
stack at sp + 4 slots: 0x0000000000000010 is an unknown value
stack at sp + 5 slots: 0x00007fff3908591f jvm.dll
stack at sp + 6 slots: 0x000001bf18f54bf0 points into unknown readable memory: 0x00007fff39702698 | 98 26 70 39 ff 7f 00 00
stack at sp + 7 slots: 0x0000000ffc0ffcd0 points into unknown readable memory: 0x00007fff397026b8 | b8 26 70 39 ff 7f 00 00


---------------  P R O C E S S  ---------------

Threads class SMR info:
_java_thread_list=0x000001bf29b8e550, length=36, elements={
0x000001bf239cb470, 0x000001bf239cd340, 0x000001bf23a13010, 0x000001bf23a13a30,
0x000001bf23a15300, 0x000001bf23a15bc0, 0x000001bf23a16480, 0x000001bf23a5b2f0,
0x000001bf244476c0, 0x000001bf2456d230, 0x000001bf18facd80, 0x000001bf24ba7820,
0x000001bf24c740e0, 0x000001bf24cb0030, 0x000001bf24cb0d10, 0x000001bf24cdfe70,
0x000001bf24fac4c0, 0x000001bf24face60, 0x000001bf24fad330, 0x000001bf24fad800,
0x000001bf24fac990, 0x000001bf24fae1a0, 0x000001bf24faf4e0, 0x000001bf24faf010,
0x000001bf29613a20, 0x000001bf29613550, 0x000001bf29611d40, 0x000001bf296126e0,
0x000001bf29610060, 0x000001bf29610ed0, 0x000001bf29610530, 0x000001bf29610a00,
0x000001bf296113a0, 0x000001bf29611870, 0x000001bf29612210, 0x000001bf29612bb0
}

Java Threads: ( => current thread )
  0x000001bf239cb470 JavaThread "Reference Handler" daemon [_thread_blocked, id=7472, stack(0x0000000ffc400000,0x0000000ffc500000)]
  0x000001bf239cd340 JavaThread "Finalizer" daemon [_thread_blocked, id=5400, stack(0x0000000ffc500000,0x0000000ffc600000)]
  0x000001bf23a13010 JavaThread "Signal Dispatcher" daemon [_thread_blocked, id=4240, stack(0x0000000ffc600000,0x0000000ffc700000)]
  0x000001bf23a13a30 JavaThread "Attach Listener" daemon [_thread_blocked, id=3608, stack(0x0000000ffc700000,0x0000000ffc800000)]
  0x000001bf23a15300 JavaThread "Service Thread" daemon [_thread_blocked, id=1036, stack(0x0000000ffc800000,0x0000000ffc900000)]
  0x000001bf23a15bc0 JavaThread "Monitor Deflation Thread" daemon [_thread_blocked, id=1168, stack(0x0000000ffc900000,0x0000000ffca00000)]
  0x000001bf23a16480 JavaThread "C1 CompilerThread0" daemon [_thread_blocked, id=8640, stack(0x0000000ffca00000,0x0000000ffcb00000)]
  0x000001bf23a5b2f0 JavaThread "Sweeper thread" daemon [_thread_blocked, id=4932, stack(0x0000000ffcb00000,0x0000000ffcc00000)]
  0x000001bf244476c0 JavaThread "Common-Cleaner" daemon [_thread_blocked, id=4124, stack(0x0000000ffcc00000,0x0000000ffcd00000)]
  0x000001bf2456d230 JavaThread "Notification Thread" daemon [_thread_blocked, id=9128, stack(0x0000000ffce00000,0x0000000ffcf00000)]
  0x000001bf18facd80 JavaThread "RMI TCP Accept-0" daemon [_thread_in_native, id=5976, stack(0x0000000ffcd00000,0x0000000ffce00000)]
  0x000001bf24ba7820 JavaThread "RMI TCP Accept-56779" daemon [_thread_in_native, id=7400, stack(0x0000000ffd000000,0x0000000ffd100000)]
  0x000001bf24c740e0 JavaThread "RMI TCP Accept-0" daemon [_thread_in_native, id=2120, stack(0x0000000ffd100000,0x0000000ffd200000)]
  0x000001bf24cb0030 JavaThread "RMI TCP Connection(49)-127.0.0.1" daemon [_thread_in_native, id=5692, stack(0x0000000ffd400000,0x0000000ffd500000)]
  0x000001bf24cb0d10 JavaThread "RMI Scheduler(0)" daemon [_thread_blocked, id=2016, stack(0x0000000ffd500000,0x0000000ffd600000)]
  0x000001bf24cdfe70 JavaThread "JMX server connection timeout 20" daemon [_thread_blocked, id=4756, stack(0x0000000ffd600000,0x0000000ffd700000)]
  0x000001bf24fac4c0 JavaThread "Catalina-utility-1" [_thread_blocked, id=5804, stack(0x0000000ffdb00000,0x0000000ffdc00000)]
  0x000001bf24face60 JavaThread "Catalina-utility-2" [_thread_blocked, id=1716, stack(0x0000000ffdc00000,0x0000000ffdd00000)]
  0x000001bf24fad330 JavaThread "container-0" [_thread_blocked, id=6008, stack(0x0000000ffdd00000,0x0000000ffde00000)]
  0x000001bf24fad800 JavaThread "mysql-cj-abandoned-connection-cleanup" daemon [_thread_blocked, id=1900, stack(0x0000000ffde00000,0x0000000ffdf00000)]
  0x000001bf24fac990 JavaThread "HikariPool-1 housekeeper" daemon [_thread_blocked, id=4824, stack(0x0000000ffe000000,0x0000000ffe100000)]
  0x000001bf24fae1a0 JavaThread "File Watcher" daemon [_thread_blocked, id=9064, stack(0x0000000ffe100000,0x0000000ffe200000)]
  0x000001bf24faf4e0 JavaThread "Live Reload Server" daemon [_thread_in_native, id=8300, stack(0x0000000ffe300000,0x0000000ffe400000)]
  0x000001bf24faf010 JavaThread "http-nio-8019-exec-1" daemon [_thread_blocked, id=8868, stack(0x0000000ffe200000,0x0000000ffe300000)]
  0x000001bf29613a20 JavaThread "http-nio-8019-exec-2" daemon [_thread_blocked, id=3496, stack(0x0000000ffe400000,0x0000000ffe500000)]
  0x000001bf29613550 JavaThread "http-nio-8019-exec-3" daemon [_thread_blocked, id=100, stack(0x0000000ffe500000,0x0000000ffe600000)]
  0x000001bf29611d40 JavaThread "http-nio-8019-exec-4" daemon [_thread_blocked, id=5448, stack(0x0000000ffe600000,0x0000000ffe700000)]
  0x000001bf296126e0 JavaThread "http-nio-8019-exec-5" daemon [_thread_blocked, id=8624, stack(0x0000000ffe700000,0x0000000ffe800000)]
  0x000001bf29610060 JavaThread "http-nio-8019-exec-6" daemon [_thread_blocked, id=7040, stack(0x0000000ffe800000,0x0000000ffe900000)]
  0x000001bf29610ed0 JavaThread "http-nio-8019-exec-7" daemon [_thread_blocked, id=884, stack(0x0000000ffe900000,0x0000000ffea00000)]
  0x000001bf29610530 JavaThread "http-nio-8019-exec-8" daemon [_thread_blocked, id=4144, stack(0x0000000ffea00000,0x0000000ffeb00000)]
  0x000001bf29610a00 JavaThread "http-nio-8019-exec-9" daemon [_thread_blocked, id=7504, stack(0x0000000ffeb00000,0x0000000ffec00000)]
  0x000001bf296113a0 JavaThread "http-nio-8019-exec-10" daemon [_thread_blocked, id=3792, stack(0x0000000ffec00000,0x0000000ffed00000)]
  0x000001bf29611870 JavaThread "http-nio-8019-Poller" daemon [_thread_in_native, id=3060, stack(0x0000000ffed00000,0x0000000ffee00000)]
  0x000001bf29612210 JavaThread "http-nio-8019-Acceptor" daemon [_thread_in_native, id=6272, stack(0x0000000ffee00000,0x0000000ffef00000)]
  0x000001bf29612bb0 JavaThread "DestroyJavaVM" [_thread_blocked, id=3924, stack(0x0000000ffbd00000,0x0000000ffbe00000)]

Other Threads:
  0x000001bf239e9c40 VMThread "VM Thread" [stack: 0x0000000ffc300000,0x0000000ffc400000] [id=8872]
  0x000001bf24c72c70 WatcherThread [stack: 0x0000000ffd200000,0x0000000ffd300000] [id=1328]
  0x000001bf18f49290 GCTaskThread "GC Thread#0" [stack: 0x0000000ffbe00000,0x0000000ffbf00000] [id=7044]
  0x000001bf247feb20 GCTaskThread "GC Thread#1" [stack: 0x0000000ffcf00000,0x0000000ffd000000] [id=4524]
  0x000001bf18f51f20 ConcurrentGCThread "G1 Main Marker" [stack: 0x0000000ffbf00000,0x0000000ffc000000] [id=7156]
=>0x000001bf18f52fe0 ConcurrentGCThread "G1 Conc#0" [stack: 0x0000000ffc000000,0x0000000ffc100000] [id=7228]
  0x000001bf18f9a020 ConcurrentGCThread "G1 Refine#0" [stack: 0x0000000ffc100000,0x0000000ffc200000] [id=5468]
  0x000001bf26413040 ConcurrentGCThread "G1 Refine#1" [stack: 0x0000000ffda00000,0x0000000ffdb00000] [id=6200]
  0x000001bf18f9a950 ConcurrentGCThread "G1 Service" [stack: 0x0000000ffc200000,0x0000000ffc300000] [id=4924]

Threads with active compile tasks:

VM state: not at safepoint (normal execution)

VM Mutex/Monitor currently owned by a thread: None

Heap address: 0x00000000c0e00000, size: 1010 MB, Compressed Oops mode: 32-bit

CDS archive(s) not mapped
Compressed class space mapped at: 0x0000000100000000-0x0000000140000000, reserved size: 1073741824
Narrow klass base: 0x0000000000000000, Narrow klass shift: 3, Narrow klass range: 0x140000000

GC Precious Log:
 CPUs: 2 total, 2 available
 Memory: 4039M
 Large Page Support: Disabled
 NUMA Support: Disabled
 Compressed Oops: Enabled (32-bit)
 Heap Region Size: 1M
 Heap Min Capacity: 8M
 Heap Initial Capacity: 64M
 Heap Max Capacity: 1010M
 Pre-touch: Disabled
 Parallel Workers: 2
 Concurrent Workers: 1
 Concurrent Refinement Workers: 2
 Periodic GC: Disabled

Heap:
 garbage-first heap   total 112640K, used 32725K [0x00000000c0e00000, 0x0000000100000000)
  region size 1024K, 2 young (2048K), 1 survivors (1024K)
 Metaspace       used 76396K, committed 76800K, reserved 1122304K
  class space    used 10374K, committed 10560K, reserved 1048576K

Heap Regions: E=young(eden), S=young(survivor), O=old, HS=humongous(starts), HC=humongous(continues), CS=collection set, F=free, OA=open archive, CA=closed archive, TAMS=top-at-mark-start (previous, next)
|   0|0x00000000c0e00000, 0x00000000c0f00000, 0x00000000c0f00000|100%|HS|  |TAMS 0x00000000c0f00000, 0x00000000c0f00000| Complete 
|   1|0x00000000c0f00000, 0x00000000c1000000, 0x00000000c1000000|100%| O|  |TAMS 0x00000000c1000000, 0x00000000c1000000| Untracked 
|   2|0x00000000c1000000, 0x00000000c1100000, 0x00000000c1100000|100%| O|  |TAMS 0x00000000c1100000, 0x00000000c1100000| Untracked 
|   3|0x00000000c1100000, 0x00000000c1200000, 0x00000000c1200000|100%| O|  |TAMS 0x00000000c1200000, 0x00000000c1200000| Untracked 
|   4|0x00000000c1200000, 0x00000000c1300000, 0x00000000c1300000|100%| O|  |TAMS 0x00000000c1300000, 0x00000000c1300000| Untracked 
|   5|0x00000000c1300000, 0x00000000c1400000, 0x00000000c1400000|100%| O|  |TAMS 0x00000000c1400000, 0x00000000c1400000| Untracked 
|   6|0x00000000c1400000, 0x00000000c1500000, 0x00000000c1500000|100%| O|  |TAMS 0x00000000c1500000, 0x00000000c1500000| Untracked 
|   7|0x00000000c1500000, 0x00000000c1600000, 0x00000000c1600000|100%| O|  |TAMS 0x00000000c1600000, 0x00000000c1600000| Untracked 
|   8|0x00000000c1600000, 0x00000000c1700000, 0x00000000c1700000|100%| O|  |TAMS 0x00000000c1700000, 0x00000000c1700000| Untracked 
|   9|0x00000000c1700000, 0x00000000c1800000, 0x00000000c1800000|100%| O|  |TAMS 0x00000000c1800000, 0x00000000c1800000| Untracked 
|  10|0x00000000c1800000, 0x00000000c1900000, 0x00000000c1900000|100%| O|  |TAMS 0x00000000c1900000, 0x00000000c1900000| Untracked 
|  11|0x00000000c1900000, 0x00000000c1a00000, 0x00000000c1a00000|100%| O|  |TAMS 0x00000000c1a00000, 0x00000000c1a00000| Untracked 
|  12|0x00000000c1a00000, 0x00000000c1b00000, 0x00000000c1b00000|100%| O|  |TAMS 0x00000000c1b00000, 0x00000000c1b00000| Untracked 
|  13|0x00000000c1b00000, 0x00000000c1c00000, 0x00000000c1c00000|100%| O|  |TAMS 0x00000000c1c00000, 0x00000000c1c00000| Untracked 
|  14|0x00000000c1c00000, 0x00000000c1d00000, 0x00000000c1d00000|100%| O|  |TAMS 0x00000000c1c77600, 0x00000000c1d00000| Untracked 
|  15|0x00000000c1d00000, 0x00000000c1e00000, 0x00000000c1e00000|100%| O|  |TAMS 0x00000000c1e00000, 0x00000000c1e00000| Untracked 
|  16|0x00000000c1e00000, 0x00000000c1f00000, 0x00000000c1f00000|100%| O|  |TAMS 0x00000000c1f00000, 0x00000000c1f00000| Untracked 
|  17|0x00000000c1f00000, 0x00000000c2000000, 0x00000000c2000000|100%| O|  |TAMS 0x00000000c2000000, 0x00000000c2000000| Untracked 
|  18|0x00000000c2000000, 0x00000000c20cfc00, 0x00000000c2100000| 81%| O|  |TAMS 0x00000000c2000000, 0x00000000c20cfc00| Untracked 
|  19|0x00000000c2100000, 0x00000000c2200000, 0x00000000c2200000|100%| O|  |TAMS 0x00000000c2200000, 0x00000000c2200000| Untracked 
|  20|0x00000000c2200000, 0x00000000c2300000, 0x00000000c2300000|100%| O|  |TAMS 0x00000000c2300000, 0x00000000c2300000| Untracked 
|  21|0x00000000c2300000, 0x00000000c2400000, 0x00000000c2400000|100%| O|  |TAMS 0x00000000c2400000, 0x00000000c2400000| Untracked 
|  22|0x00000000c2400000, 0x00000000c2400000, 0x00000000c2500000|  0%| F|  |TAMS 0x00000000c2400000, 0x00000000c2400000| Untracked 
|  23|0x00000000c2500000, 0x00000000c2600000, 0x00000000c2600000|100%| O|  |TAMS 0x00000000c2600000, 0x00000000c2600000| Untracked 
|  24|0x00000000c2600000, 0x00000000c2600000, 0x00000000c2700000|  0%| F|  |TAMS 0x00000000c2600000, 0x00000000c2600000| Untracked 
|  25|0x00000000c2700000, 0x00000000c2800000, 0x00000000c2800000|100%| O|  |TAMS 0x00000000c2800000, 0x00000000c2800000| Untracked 
|  26|0x00000000c2800000, 0x00000000c2900000, 0x00000000c2900000|100%| O|  |TAMS 0x00000000c2900000, 0x00000000c2900000| Untracked 
|  27|0x00000000c2900000, 0x00000000c2900000, 0x00000000c2a00000|  0%| F|  |TAMS 0x00000000c2900000, 0x00000000c2900000| Untracked 
|  28|0x00000000c2a00000, 0x00000000c2b00000, 0x00000000c2b00000|100%| O|  |TAMS 0x00000000c2b00000, 0x00000000c2b00000| Untracked 
|  29|0x00000000c2b00000, 0x00000000c2b00000, 0x00000000c2c00000|  0%| F|  |TAMS 0x00000000c2b00000, 0x00000000c2b00000| Untracked 
|  30|0x00000000c2c00000, 0x00000000c2c00000, 0x00000000c2d00000|  0%| F|  |TAMS 0x00000000c2c00000, 0x00000000c2c00000| Untracked 
|  31|0x00000000c2d00000, 0x00000000c2d00000, 0x00000000c2e00000|  0%| F|  |TAMS 0x00000000c2d00000, 0x00000000c2d00000| Untracked 
|  32|0x00000000c2e00000, 0x00000000c2f00000, 0x00000000c2f00000|100%| O|  |TAMS 0x00000000c2f00000, 0x00000000c2f00000| Untracked 
|  33|0x00000000c2f00000, 0x00000000c3000000, 0x00000000c3000000|100%| O|  |TAMS 0x00000000c3000000, 0x00000000c3000000| Untracked 
|  34|0x00000000c3000000, 0x00000000c3100000, 0x00000000c3100000|100%| O|  |TAMS 0x00000000c3100000, 0x00000000c3100000| Untracked 
|  35|0x00000000c3100000, 0x00000000c3200000, 0x00000000c3200000|100%| O|  |TAMS 0x00000000c3200000, 0x00000000c3200000| Untracked 
|  36|0x00000000c3200000, 0x00000000c3300000, 0x00000000c3300000|100%| O|  |TAMS 0x00000000c3300000, 0x00000000c3300000| Untracked 
|  37|0x00000000c3300000, 0x00000000c3400000, 0x00000000c3400000|100%| O|  |TAMS 0x00000000c3400000, 0x00000000c3400000| Untracked 
|  38|0x00000000c3400000, 0x00000000c3400000, 0x00000000c3500000|  0%| F|  |TAMS 0x00000000c3400000, 0x00000000c3400000| Untracked 
|  39|0x00000000c3500000, 0x00000000c3500000, 0x00000000c3600000|  0%| F|  |TAMS 0x00000000c3500000, 0x00000000c3500000| Untracked 
|  40|0x00000000c3600000, 0x00000000c3600000, 0x00000000c3700000|  0%| F|  |TAMS 0x00000000c3600000, 0x00000000c3600000| Untracked 
|  41|0x00000000c3700000, 0x00000000c3700000, 0x00000000c3800000|  0%| F|  |TAMS 0x00000000c3700000, 0x00000000c3700000| Untracked 
|  42|0x00000000c3800000, 0x00000000c3800000, 0x00000000c3900000|  0%| F|  |TAMS 0x00000000c3800000, 0x00000000c3800000| Untracked 
|  43|0x00000000c3900000, 0x00000000c3900000, 0x00000000c3a00000|  0%| F|  |TAMS 0x00000000c3900000, 0x00000000c3900000| Untracked 
|  44|0x00000000c3a00000, 0x00000000c3a00000, 0x00000000c3b00000|  0%| F|  |TAMS 0x00000000c3a00000, 0x00000000c3a00000| Untracked 
|  45|0x00000000c3b00000, 0x00000000c3b25a20, 0x00000000c3c00000| 14%| S|CS|TAMS 0x00000000c3b00000, 0x00000000c3b00000| Complete 
|  46|0x00000000c3c00000, 0x00000000c3c00000, 0x00000000c3d00000|  0%| F|  |TAMS 0x00000000c3c00000, 0x00000000c3c00000| Untracked 
|  47|0x00000000c3d00000, 0x00000000c3d00000, 0x00000000c3e00000|  0%| F|  |TAMS 0x00000000c3d00000, 0x00000000c3d00000| Untracked 
|  48|0x00000000c3e00000, 0x00000000c3e00000, 0x00000000c3f00000|  0%| F|  |TAMS 0x00000000c3e00000, 0x00000000c3e00000| Untracked 
|  49|0x00000000c3f00000, 0x00000000c3f00000, 0x00000000c4000000|  0%| F|  |TAMS 0x00000000c3f00000, 0x00000000c3f00000| Untracked 
|  50|0x00000000c4000000, 0x00000000c4000000, 0x00000000c4100000|  0%| F|  |TAMS 0x00000000c4000000, 0x00000000c4000000| Untracked 
|  51|0x00000000c4100000, 0x00000000c4100000, 0x00000000c4200000|  0%| F|  |TAMS 0x00000000c4100000, 0x00000000c4100000| Untracked 
|  52|0x00000000c4200000, 0x00000000c4200000, 0x00000000c4300000|  0%| F|  |TAMS 0x00000000c4200000, 0x00000000c4200000| Untracked 
|  53|0x00000000c4300000, 0x00000000c4300000, 0x00000000c4400000|  0%| F|  |TAMS 0x00000000c4300000, 0x00000000c4300000| Untracked 
|  54|0x00000000c4400000, 0x00000000c4400000, 0x00000000c4500000|  0%| F|  |TAMS 0x00000000c4400000, 0x00000000c4400000| Untracked 
|  55|0x00000000c4500000, 0x00000000c4500000, 0x00000000c4600000|  0%| F|  |TAMS 0x00000000c4500000, 0x00000000c4500000| Untracked 
|  56|0x00000000c4600000, 0x00000000c4600000, 0x00000000c4700000|  0%| F|  |TAMS 0x00000000c4600000, 0x00000000c4600000| Untracked 
|  57|0x00000000c4700000, 0x00000000c4700000, 0x00000000c4800000|  0%| F|  |TAMS 0x00000000c4700000, 0x00000000c4700000| Untracked 
|  58|0x00000000c4800000, 0x00000000c4800000, 0x00000000c4900000|  0%| F|  |TAMS 0x00000000c4800000, 0x00000000c4800000| Untracked 
|  59|0x00000000c4900000, 0x00000000c4900000, 0x00000000c4a00000|  0%| F|  |TAMS 0x00000000c4900000, 0x00000000c4900000| Untracked 
|  60|0x00000000c4a00000, 0x00000000c4a00000, 0x00000000c4b00000|  0%| F|  |TAMS 0x00000000c4a00000, 0x00000000c4a00000| Untracked 
|  61|0x00000000c4b00000, 0x00000000c4b00000, 0x00000000c4c00000|  0%| F|  |TAMS 0x00000000c4b00000, 0x00000000c4b00000| Untracked 
|  62|0x00000000c4c00000, 0x00000000c4c00000, 0x00000000c4d00000|  0%| F|  |TAMS 0x00000000c4c00000, 0x00000000c4c00000| Untracked 
|  63|0x00000000c4d00000, 0x00000000c4d00000, 0x00000000c4e00000|  0%| F|  |TAMS 0x00000000c4d00000, 0x00000000c4d00000| Untracked 
|  64|0x00000000c4e00000, 0x00000000c4e00000, 0x00000000c4f00000|  0%| F|  |TAMS 0x00000000c4e00000, 0x00000000c4e00000| Untracked 
|  65|0x00000000c4f00000, 0x00000000c4f00000, 0x00000000c5000000|  0%| F|  |TAMS 0x00000000c4f00000, 0x00000000c4f00000| Untracked 
|  66|0x00000000c5000000, 0x00000000c5000000, 0x00000000c5100000|  0%| F|  |TAMS 0x00000000c5000000, 0x00000000c5000000| Untracked 
|  67|0x00000000c5100000, 0x00000000c5100000, 0x00000000c5200000|  0%| F|  |TAMS 0x00000000c5100000, 0x00000000c5100000| Untracked 
|  68|0x00000000c5200000, 0x00000000c5200000, 0x00000000c5300000|  0%| F|  |TAMS 0x00000000c5200000, 0x00000000c5200000| Untracked 
|  69|0x00000000c5300000, 0x00000000c5300000, 0x00000000c5400000|  0%| F|  |TAMS 0x00000000c5300000, 0x00000000c5300000| Untracked 
|  70|0x00000000c5400000, 0x00000000c5400000, 0x00000000c5500000|  0%| F|  |TAMS 0x00000000c5400000, 0x00000000c5400000| Untracked 
|  71|0x00000000c5500000, 0x00000000c5500000, 0x00000000c5600000|  0%| F|  |TAMS 0x00000000c5500000, 0x00000000c5500000| Untracked 
|  72|0x00000000c5600000, 0x00000000c5600000, 0x00000000c5700000|  0%| F|  |TAMS 0x00000000c5600000, 0x00000000c5600000| Untracked 
|  73|0x00000000c5700000, 0x00000000c5700000, 0x00000000c5800000|  0%| F|  |TAMS 0x00000000c5700000, 0x00000000c5700000| Untracked 
|  74|0x00000000c5800000, 0x00000000c5800000, 0x00000000c5900000|  0%| F|  |TAMS 0x00000000c5800000, 0x00000000c5800000| Untracked 
|  75|0x00000000c5900000, 0x00000000c5900000, 0x00000000c5a00000|  0%| F|  |TAMS 0x00000000c5900000, 0x00000000c5900000| Untracked 
|  76|0x00000000c5a00000, 0x00000000c5a00000, 0x00000000c5b00000|  0%| F|  |TAMS 0x00000000c5a00000, 0x00000000c5a00000| Untracked 
|  77|0x00000000c5b00000, 0x00000000c5b00000, 0x00000000c5c00000|  0%| F|  |TAMS 0x00000000c5b00000, 0x00000000c5b00000| Untracked 
|  78|0x00000000c5c00000, 0x00000000c5c00000, 0x00000000c5d00000|  0%| F|  |TAMS 0x00000000c5c00000, 0x00000000c5c00000| Untracked 
|  79|0x00000000c5d00000, 0x00000000c5d00000, 0x00000000c5e00000|  0%| F|  |TAMS 0x00000000c5d00000, 0x00000000c5d00000| Untracked 
|  80|0x00000000c5e00000, 0x00000000c5e00000, 0x00000000c5f00000|  0%| F|  |TAMS 0x00000000c5e00000, 0x00000000c5e00000| Untracked 
|  81|0x00000000c5f00000, 0x00000000c5f00000, 0x00000000c6000000|  0%| F|  |TAMS 0x00000000c5f00000, 0x00000000c5f00000| Untracked 
|  82|0x00000000c6000000, 0x00000000c6000000, 0x00000000c6100000|  0%| F|  |TAMS 0x00000000c6000000, 0x00000000c6000000| Untracked 
|  83|0x00000000c6100000, 0x00000000c6100000, 0x00000000c6200000|  0%| F|  |TAMS 0x00000000c6100000, 0x00000000c6100000| Untracked 
|  84|0x00000000c6200000, 0x00000000c6200000, 0x00000000c6300000|  0%| F|  |TAMS 0x00000000c6200000, 0x00000000c6200000| Untracked 
|  85|0x00000000c6300000, 0x00000000c6300000, 0x00000000c6400000|  0%| F|  |TAMS 0x00000000c6300000, 0x00000000c6300000| Untracked 
|  86|0x00000000c6400000, 0x00000000c6400000, 0x00000000c6500000|  0%| F|  |TAMS 0x00000000c6400000, 0x00000000c6400000| Untracked 
|  87|0x00000000c6500000, 0x00000000c6500000, 0x00000000c6600000|  0%| F|  |TAMS 0x00000000c6500000, 0x00000000c6500000| Untracked 
|  88|0x00000000c6600000, 0x00000000c6600000, 0x00000000c6700000|  0%| F|  |TAMS 0x00000000c6600000, 0x00000000c6600000| Untracked 
|  89|0x00000000c6700000, 0x00000000c6700000, 0x00000000c6800000|  0%| F|  |TAMS 0x00000000c6700000, 0x00000000c6700000| Untracked 
|  90|0x00000000c6800000, 0x00000000c6800000, 0x00000000c6900000|  0%| F|  |TAMS 0x00000000c6800000, 0x00000000c6800000| Untracked 
|  91|0x00000000c6900000, 0x00000000c6900000, 0x00000000c6a00000|  0%| F|  |TAMS 0x00000000c6900000, 0x00000000c6900000| Untracked 
|  92|0x00000000c6a00000, 0x00000000c6a00000, 0x00000000c6b00000|  0%| F|  |TAMS 0x00000000c6a00000, 0x00000000c6a00000| Untracked 
|  93|0x00000000c6b00000, 0x00000000c6b00000, 0x00000000c6c00000|  0%| F|  |TAMS 0x00000000c6b00000, 0x00000000c6b00000| Untracked 
|  94|0x00000000c6c00000, 0x00000000c6c00000, 0x00000000c6d00000|  0%| F|  |TAMS 0x00000000c6c00000, 0x00000000c6c00000| Untracked 
|  95|0x00000000c6d00000, 0x00000000c6d00000, 0x00000000c6e00000|  0%| F|  |TAMS 0x00000000c6d00000, 0x00000000c6d00000| Untracked 
|  96|0x00000000c6e00000, 0x00000000c6e00000, 0x00000000c6f00000|  0%| F|  |TAMS 0x00000000c6e00000, 0x00000000c6e00000| Untracked 
|  97|0x00000000c6f00000, 0x00000000c6f00000, 0x00000000c7000000|  0%| F|  |TAMS 0x00000000c6f00000, 0x00000000c6f00000| Untracked 
|  98|0x00000000c7000000, 0x00000000c7000000, 0x00000000c7100000|  0%| F|  |TAMS 0x00000000c7000000, 0x00000000c7000000| Untracked 
|  99|0x00000000c7100000, 0x00000000c7100000, 0x00000000c7200000|  0%| F|  |TAMS 0x00000000c7100000, 0x00000000c7100000| Untracked 
| 100|0x00000000c7200000, 0x00000000c7200000, 0x00000000c7300000|  0%| F|  |TAMS 0x00000000c7200000, 0x00000000c7200000| Untracked 
| 101|0x00000000c7300000, 0x00000000c7300000, 0x00000000c7400000|  0%| F|  |TAMS 0x00000000c7300000, 0x00000000c7300000| Untracked 
| 102|0x00000000c7400000, 0x00000000c7400000, 0x00000000c7500000|  0%| F|  |TAMS 0x00000000c7400000, 0x00000000c7400000| Untracked 
| 103|0x00000000c7500000, 0x00000000c7500000, 0x00000000c7600000|  0%| F|  |TAMS 0x00000000c7500000, 0x00000000c7500000| Untracked 
| 104|0x00000000c7600000, 0x00000000c7600000, 0x00000000c7700000|  0%| F|  |TAMS 0x00000000c7600000, 0x00000000c7600000| Untracked 
| 105|0x00000000c7700000, 0x00000000c7700000, 0x00000000c7800000|  0%| F|  |TAMS 0x00000000c7700000, 0x00000000c7700000| Untracked 
| 106|0x00000000c7800000, 0x00000000c7800000, 0x00000000c7900000|  0%| F|  |TAMS 0x00000000c7800000, 0x00000000c7800000| Untracked 
| 107|0x00000000c7900000, 0x00000000c7900000, 0x00000000c7a00000|  0%| F|  |TAMS 0x00000000c7900000, 0x00000000c7900000| Untracked 
| 108|0x00000000c7a00000, 0x00000000c7a00000, 0x00000000c7b00000|  0%| F|  |TAMS 0x00000000c7a00000, 0x00000000c7a00000| Untracked 
| 109|0x00000000c7b00000, 0x00000000c7b81048, 0x00000000c7c00000| 50%| E|  |TAMS 0x00000000c7b00000, 0x00000000c7b00000| Complete 

Card table byte_map: [0x000001bf18b60000,0x000001bf18d60000] _byte_map_base: 0x000001bf18559000

Marking Bits (Prev, Next): (CMBitMap*) 0x000001bf18f497b0, (CMBitMap*) 0x000001bf18f497f0
 Prev Bits: [0x000001bf1f7d0000, 0x000001bf20798000)
 Next Bits: [0x000001bf207a0000, 0x000001bf21768000)

Polling page: 0x000001bf16de0000

Metaspace:

Usage:
  Non-class:     64.47 MB used.
      Class:     10.13 MB used.
       Both:     74.61 MB used.

Virtual space:
  Non-class space:       72.00 MB reserved,      64.69 MB ( 90%) committed,  9 nodes.
      Class space:        1.00 GB reserved,      10.31 MB (  1%) committed,  1 nodes.
             Both:        1.07 GB reserved,      75.00 MB (  7%) committed. 

Chunk freelists:
   Non-Class:  2.61 MB
       Class:  1.74 MB
        Both:  4.35 MB

MaxMetaspaceSize: unlimited
CompressedClassSpaceSize: 1.00 GB
Initial GC threshold: 21.00 MB
Current GC threshold: 125.00 MB
CDS: off
MetaspaceReclaimPolicy: balanced
 - commit_granule_bytes: 65536.
 - commit_granule_words: 8192.
 - virtual_space_node_default_size: 1048576.
 - enlarge_chunks_in_place: 1.
 - new_chunks_are_fully_committed: 0.
 - uncommit_free_chunks: 1.
 - use_allocation_guard: 0.
 - handle_deallocations: 1.


Internal statistics:

num_allocs_failed_limit: 11.
num_arena_births: 572.
num_arena_deaths: 158.
num_vsnodes_births: 10.
num_vsnodes_deaths: 0.
num_space_committed: 1200.
num_space_uncommitted: 0.
num_chunks_returned_to_freelist: 222.
num_chunks_taken_from_freelist: 3077.
num_chunk_merges: 63.
num_chunk_splits: 2108.
num_chunks_enlarged: 1653.
num_purges: 6.
num_inconsistent_stats: 0.

CodeCache: size=49152Kb used=14805Kb max_used=15064Kb free=34346Kb
 bounds [0x000001bf1c5d0000, 0x000001bf1d490000, 0x000001bf1f5d0000]
 total_blobs=9293 nmethods=8591 adapters=629
 compilation: enabled
              stopped_count=0, restarted_count=0
 full_count=0

Compilation events (20 events):
Event: 1818.192 Thread 0x000001bf23a16480 8582       1       sun.nio.ch.SocketOptionRegistry::findOption (23 bytes)
Event: 1818.192 Thread 0x000001bf23a16480 nmethod 8582 0x000001bf1d418c90 code [0x000001bf1d418e40, 0x000001bf1d419068]
Event: 1818.192 Thread 0x000001bf23a16480 8583       1       sun.nio.ch.SocketOptionRegistry$RegistryKey::equals (48 bytes)
Event: 1818.193 Thread 0x000001bf23a16480 nmethod 8583 0x000001bf1d418810 code [0x000001bf1d4189c0, 0x000001bf1d418bd8]
Event: 1820.742 Thread 0x000001bf23a16480 8584   !   1       sun.nio.ch.NioSocketImpl::setOption (545 bytes)
Event: 1820.746 Thread 0x000001bf23a16480 nmethod 8584 0x000001bf1d415a90 code [0x000001bf1d415ec0, 0x000001bf1d417498]
Event: 1820.749 Thread 0x000001bf23a16480 8585       1       java.io.ObjectStreamClass::getReflector (100 bytes)
Event: 1820.750 Thread 0x000001bf23a16480 nmethod 8585 0x000001bf1d415290 code [0x000001bf1d415480, 0x000001bf1d4157f8]
Event: 1820.750 Thread 0x000001bf23a16480 8586       1       java.io.ObjectStreamClass$FieldReflectorKey::<init> (76 bytes)
Event: 1820.750 Thread 0x000001bf23a16480 nmethod 8586 0x000001bf1d414a90 code [0x000001bf1d414c60, 0x000001bf1d415098]
Event: 1904.005 Thread 0x000001bf23a16480 8587       1       com.zaxxer.hikari.pool.HikariPool::access$400 (5 bytes)
Event: 1904.005 Thread 0x000001bf23a16480 nmethod 8587 0x000001bf1d414790 code [0x000001bf1d414920, 0x000001bf1d4149d8]
Event: 2103.240 Thread 0x000001bf23a16480 8588       1       java.io.ObjectOutputStream$HandleTable::clear (27 bytes)
Event: 2103.241 Thread 0x000001bf23a16480 nmethod 8588 0x000001bf1d414290 code [0x000001bf1d414440, 0x000001bf1d414608]
Event: 2163.255 Thread 0x000001bf23a16480 8589       1       sun.rmi.server.UnicastRef::unmarshalValue (191 bytes)
Event: 2163.261 Thread 0x000001bf23a16480 nmethod 8589 0x000001bf1d412810 code [0x000001bf1d412b80, 0x000001bf1d413998]
Event: 2163.261 Thread 0x000001bf23a16480 8590       1       java.io.ObjectOutputStream$HandleTable::<init> (45 bytes)
Event: 2163.263 Thread 0x000001bf23a16480 nmethod 8590 0x000001bf1d411f90 code [0x000001bf1d412140, 0x000001bf1d412608]
Event: 2163.263 Thread 0x000001bf23a16480 8591       1       java.io.ObjectOutputStream$HandleTable::size (5 bytes)
Event: 2163.263 Thread 0x000001bf23a16480 nmethod 8591 0x000001bf1d411c90 code [0x000001bf1d411e20, 0x000001bf1d411ef8]

GC Heap History (20 events):
Event: 184.868 GC heap before
{Heap before GC invocations=35 (full 0):
 garbage-first heap   total 61440K, used 34714K [0x00000000c0e00000, 0x0000000100000000)
  region size 1024K, 3 young (3072K), 1 survivors (1024K)
 Metaspace       used 75467K, committed 75968K, reserved 1122304K
  class space    used 10242K, committed 10432K, reserved 1048576K
}
Event: 184.879 GC heap after
{Heap after GC invocations=36 (full 0):
 garbage-first heap   total 112640K, used 32226K [0x00000000c0e00000, 0x0000000100000000)
  region size 1024K, 1 young (1024K), 1 survivors (1024K)
 Metaspace       used 75467K, committed 75968K, reserved 1122304K
  class space    used 10242K, committed 10432K, reserved 1048576K
}
Event: 451.836 GC heap before
{Heap before GC invocations=36 (full 0):
 garbage-first heap   total 112640K, used 84450K [0x00000000c0e00000, 0x0000000100000000)
  region size 1024K, 53 young (54272K), 1 survivors (1024K)
 Metaspace       used 75487K, committed 75968K, reserved 1122304K
  class space    used 10245K, committed 10432K, reserved 1048576K
}
Event: 451.843 GC heap after
{Heap after GC invocations=37 (full 0):
 garbage-first heap   total 112640K, used 32325K [0x00000000c0e00000, 0x0000000100000000)
  region size 1024K, 1 young (1024K), 1 survivors (1024K)
 Metaspace       used 75487K, committed 75968K, reserved 1122304K
  class space    used 10245K, committed 10432K, reserved 1048576K
}
Event: 500.580 GC heap before
{Heap before GC invocations=37 (full 0):
 garbage-first heap   total 112640K, used 55877K [0x00000000c0e00000, 0x0000000100000000)
  region size 1024K, 26 young (26624K), 1 survivors (1024K)
 Metaspace       used 76087K, committed 76480K, reserved 1122304K
  class space    used 10324K, committed 10496K, reserved 1048576K
}
Event: 500.594 GC heap after
{Heap after GC invocations=38 (full 0):
 garbage-first heap   total 112640K, used 34208K [0x00000000c0e00000, 0x0000000100000000)
  region size 1024K, 3 young (3072K), 3 survivors (3072K)
 Metaspace       used 76087K, committed 76480K, reserved 1122304K
  class space    used 10324K, committed 10496K, reserved 1048576K
}
Event: 779.796 GC heap before
{Heap before GC invocations=39 (full 0):
 garbage-first heap   total 112640K, used 93600K [0x00000000c0e00000, 0x0000000100000000)
  region size 1024K, 61 young (62464K), 3 survivors (3072K)
 Metaspace       used 76359K, committed 76736K, reserved 1122304K
  class space    used 10367K, committed 10496K, reserved 1048576K
}
Event: 779.802 GC heap after
{Heap after GC invocations=40 (full 0):
 garbage-first heap   total 112640K, used 32733K [0x00000000c0e00000, 0x0000000100000000)
  region size 1024K, 1 young (1024K), 1 survivors (1024K)
 Metaspace       used 76359K, committed 76736K, reserved 1122304K
  class space    used 10367K, committed 10496K, reserved 1048576K
}
Event: 802.990 GC heap before
{Heap before GC invocations=40 (full 0):
 garbage-first heap   total 112640K, used 36829K [0x00000000c0e00000, 0x0000000100000000)
  region size 1024K, 5 young (5120K), 1 survivors (1024K)
 Metaspace       used 76359K, committed 76736K, reserved 1122304K
  class space    used 10367K, committed 10496K, reserved 1048576K
}
Event: 802.996 GC heap after
{Heap after GC invocations=41 (full 0):
 garbage-first heap   total 112640K, used 32422K [0x00000000c0e00000, 0x0000000100000000)
  region size 1024K, 1 young (1024K), 1 survivors (1024K)
 Metaspace       used 76359K, committed 76736K, reserved 1122304K
  class space    used 10367K, committed 10496K, reserved 1048576K
}
Event: 1146.352 GC heap before
{Heap before GC invocations=41 (full 0):
 garbage-first heap   total 112640K, used 93862K [0x00000000c0e00000, 0x0000000100000000)
  region size 1024K, 61 young (62464K), 1 survivors (1024K)
 Metaspace       used 76371K, committed 76800K, reserved 1122304K
  class space    used 10369K, committed 10560K, reserved 1048576K
}
Event: 1146.356 GC heap after
{Heap after GC invocations=42 (full 0):
 garbage-first heap   total 112640K, used 32409K [0x00000000c0e00000, 0x0000000100000000)
  region size 1024K, 1 young (1024K), 1 survivors (1024K)
 Metaspace       used 76371K, committed 76800K, reserved 1122304K
  class space    used 10369K, committed 10560K, reserved 1048576K
}
Event: 1500.731 GC heap before
{Heap before GC invocations=42 (full 0):
 garbage-first heap   total 112640K, used 95897K [0x00000000c0e00000, 0x0000000100000000)
  region size 1024K, 63 young (64512K), 1 survivors (1024K)
 Metaspace       used 76371K, committed 76800K, reserved 1122304K
  class space    used 10369K, committed 10560K, reserved 1048576K
}
Event: 1500.734 GC heap after
{Heap after GC invocations=43 (full 0):
 garbage-first heap   total 112640K, used 32397K [0x00000000c0e00000, 0x0000000100000000)
  region size 1024K, 1 young (1024K), 1 survivors (1024K)
 Metaspace       used 76371K, committed 76800K, reserved 1122304K
  class space    used 10369K, committed 10560K, reserved 1048576K
}
Event: 1798.063 GC heap before
{Heap before GC invocations=44 (full 0):
 garbage-first heap   total 112640K, used 95885K [0x00000000c0e00000, 0x0000000100000000)
  region size 1024K, 63 young (64512K), 1 survivors (1024K)
 Metaspace       used 76396K, committed 76800K, reserved 1122304K
  class space    used 10374K, committed 10560K, reserved 1048576K
}
Event: 1798.069 GC heap after
{Heap after GC invocations=45 (full 0):
 garbage-first heap   total 112640K, used 32865K [0x00000000c0e00000, 0x0000000100000000)
  region size 1024K, 1 young (1024K), 1 survivors (1024K)
 Metaspace       used 76396K, committed 76800K, reserved 1122304K
  class space    used 10374K, committed 10560K, reserved 1048576K
}
Event: 1813.333 GC heap before
{Heap before GC invocations=45 (full 0):
 garbage-first heap   total 112640K, used 36961K [0x00000000c0e00000, 0x0000000100000000)
  region size 1024K, 5 young (5120K), 1 survivors (1024K)
 Metaspace       used 76396K, committed 76800K, reserved 1122304K
  class space    used 10374K, committed 10560K, reserved 1048576K
}
Event: 1813.345 GC heap after
{Heap after GC invocations=46 (full 0):
 garbage-first heap   total 112640K, used 32717K [0x00000000c0e00000, 0x0000000100000000)
  region size 1024K, 1 young (1024K), 1 survivors (1024K)
 Metaspace       used 76396K, committed 76800K, reserved 1122304K
  class space    used 10374K, committed 10560K, reserved 1048576K
}
Event: 2165.187 GC heap before
{Heap before GC invocations=46 (full 0):
 garbage-first heap   total 112640K, used 97229K [0x00000000c0e00000, 0x0000000100000000)
  region size 1024K, 64 young (65536K), 1 survivors (1024K)
 Metaspace       used 76396K, committed 76800K, reserved 1122304K
  class space    used 10374K, committed 10560K, reserved 1048576K
}
Event: 2165.191 GC heap after
{Heap after GC invocations=47 (full 0):
 garbage-first heap   total 112640K, used 32725K [0x00000000c0e00000, 0x0000000100000000)
  region size 1024K, 1 young (1024K), 1 survivors (1024K)
 Metaspace       used 76396K, committed 76800K, reserved 1122304K
  class space    used 10374K, committed 10560K, reserved 1048576K
}

Deoptimization events (10 events):
Event: 4.590 Thread 0x000001bf24fae670 DEOPT PACKING pc=0x000001bf1ca93119 sp=0x0000000ffd9fc600
Event: 4.590 Thread 0x000001bf24fae670 DEOPT UNPACKING pc=0x000001bf1c622b24 sp=0x0000000ffd9fbae0 mode 3
Event: 6.133 Thread 0x000001bf24fae670 DEOPT PACKING pc=0x000001bf1cab1494 sp=0x0000000ffd9fcf30
Event: 6.133 Thread 0x000001bf24fae670 DEOPT UNPACKING pc=0x000001bf1c622b24 sp=0x0000000ffd9fc488 mode 0
Event: 9.071 Thread 0x000001bf24fae670 DEOPT PACKING pc=0x000001bf1cd1df7d sp=0x0000000ffd9fe100
Event: 9.071 Thread 0x000001bf24fae670 DEOPT UNPACKING pc=0x000001bf1c622b24 sp=0x0000000ffd9fd668 mode 3
Event: 17.998 Thread 0x000001bf24fae670 DEOPT PACKING pc=0x000001bf1ca7ced2 sp=0x0000000ffd9fd530
Event: 17.998 Thread 0x000001bf24fae670 DEOPT UNPACKING pc=0x000001bf1c622b24 sp=0x0000000ffd9fca38 mode 3
Event: 18.640 Thread 0x000001bf24fae670 DEOPT PACKING pc=0x000001bf1d11be19 sp=0x0000000ffd9fa880
Event: 18.640 Thread 0x000001bf24fae670 DEOPT UNPACKING pc=0x000001bf1c622b24 sp=0x0000000ffd9f9d60 mode 3

Classes unloaded (20 events):
Event: 106.968 Thread 0x000001bf239e9c40 Unloading class 0x0000000100151800 'jdk/internal/reflect/GeneratedSerializationConstructorAccessor9'
Event: 106.968 Thread 0x000001bf239e9c40 Unloading class 0x0000000100151400 'jdk/internal/reflect/GeneratedSerializationConstructorAccessor8'
Event: 106.968 Thread 0x000001bf239e9c40 Unloading class 0x000000010014d000 'jdk/internal/reflect/GeneratedSerializationConstructorAccessor7'
Event: 106.968 Thread 0x000001bf239e9c40 Unloading class 0x000000010014cc00 'jdk/internal/reflect/GeneratedSerializationConstructorAccessor6'
Event: 106.968 Thread 0x000001bf239e9c40 Unloading class 0x000000010014c800 'jdk/internal/reflect/GeneratedSerializationConstructorAccessor5'
Event: 106.968 Thread 0x000001bf239e9c40 Unloading class 0x000000010014c400 'jdk/internal/reflect/GeneratedSerializationConstructorAccessor4'
Event: 106.968 Thread 0x000001bf239e9c40 Unloading class 0x0000000100141800 'jdk/internal/reflect/GeneratedSerializationConstructorAccessor3'
Event: 106.968 Thread 0x000001bf239e9c40 Unloading class 0x0000000100141400 'jdk/internal/reflect/GeneratedSerializationConstructorAccessor2'
Event: 106.968 Thread 0x000001bf239e9c40 Unloading class 0x0000000100141000 'jdk/internal/reflect/GeneratedSerializationConstructorAccessor1'
Event: 106.968 Thread 0x000001bf239e9c40 Unloading class 0x00000001000c4c00 'java/lang/invoke/LambdaForm$MH+0x00000001000c4c00'
Event: 106.968 Thread 0x000001bf239e9c40 Unloading class 0x00000001000c2400 'java/lang/invoke/LambdaForm$MH+0x00000001000c2400'
Event: 106.968 Thread 0x000001bf239e9c40 Unloading class 0x00000001000c1c00 'java/lang/invoke/LambdaForm$MH+0x00000001000c1c00'
Event: 106.968 Thread 0x000001bf239e9c40 Unloading class 0x00000001000c1400 'java/lang/invoke/LambdaForm$MH+0x00000001000c1400'
Event: 106.968 Thread 0x000001bf239e9c40 Unloading class 0x00000001000c0c00 'java/lang/invoke/LambdaForm$MH+0x00000001000c0c00'
Event: 1500.819 Thread 0x000001bf239e9c40 Unloading class 0x0000000100550800 'jdk/internal/reflect/GeneratedSerializationConstructorAccessor25'
Event: 1500.819 Thread 0x000001bf239e9c40 Unloading class 0x00000001005b8000 'jdk/internal/reflect/GeneratedSerializationConstructorAccessor24'
Event: 1500.819 Thread 0x000001bf239e9c40 Unloading class 0x00000001006f8400 'jdk/internal/reflect/GeneratedSerializationConstructorAccessor23'
Event: 1500.819 Thread 0x000001bf239e9c40 Unloading class 0x00000001007ecc00 'jdk/internal/reflect/GeneratedSerializationConstructorAccessor22'
Event: 1500.819 Thread 0x000001bf239e9c40 Unloading class 0x0000000100988000 'jdk/internal/reflect/GeneratedSerializationConstructorAccessor21'
Event: 1500.819 Thread 0x000001bf239e9c40 Unloading class 0x0000000100990c00 'jdk/internal/reflect/GeneratedSerializationConstructorAccessor20'

Classes redefined (0 events):
No events

Internal exceptions (20 events):
Event: 20.216 Thread 0x000001bf24fae670 Exception <a 'java/lang/NoSuchMethodError'{0x00000000c35c3a00}: 'java.lang.Object java.lang.invoke.DirectMethodHandle$Holder.invokeSpecial(java.lang.Object, java.lang.Object, int, java.lang.Object, int, java.lang.Object)'> (0x00000000c35c3a00) 
thrown [s\src\hotspot\share\interpreter\linkResolver.cpp, line 759]
Event: 20.217 Thread 0x000001bf24fae670 Exception <a 'java/lang/NoSuchMethodError'{0x00000000c35cbaa8}: 'java.lang.Object java.lang.invoke.DirectMethodHandle$Holder.newInvokeSpecial(java.lang.Object, java.lang.Object, int, java.lang.Object, int)'> (0x00000000c35cbaa8) 
thrown [s\src\hotspot\share\interpreter\linkResolver.cpp, line 759]
Event: 20.217 Thread 0x000001bf24fae670 Exception <a 'java/lang/NoSuchMethodError'{0x00000000c35cfba8}: 'java.lang.Object java.lang.invoke.DirectMethodHandle$Holder.invokeSpecial(java.lang.Object, java.lang.Object, java.lang.Object, int, java.lang.Object, int)'> (0x00000000c35cfba8) 
thrown [s\src\hotspot\share\interpreter\linkResolver.cpp, line 759]
Event: 20.221 Thread 0x000001bf24fae670 Exception <a 'java/lang/NoSuchMethodError'{0x00000000c35d9ec8}: 'void java.lang.invoke.DirectMethodHandle$Holder.invokeVirtual(java.lang.Object, java.lang.Object)'> (0x00000000c35d9ec8) 
thrown [s\src\hotspot\share\interpreter\linkResolver.cpp, line 759]
Event: 25.804 Thread 0x000001bf24faf010 Exception <a 'java/lang/NoSuchMethodError'{0x00000000c3d24568}: 'java.lang.Object java.lang.invoke.DirectMethodHandle$Holder.invokeStatic(java.lang.Object, int, int)'> (0x00000000c3d24568) 
thrown [s\src\hotspot\share\interpreter\linkResolver.cpp, line 759]
Event: 26.744 Thread 0x000001bf24faf010 Exception <a 'java/lang/NoSuchMethodError'{0x00000000c3c8deb0}: 'java.lang.Object java.lang.invoke.DirectMethodHandle$Holder.invokeStaticInit(java.lang.Object, java.lang.Object, java.lang.Object, java.lang.Object, java.lang.Object, java.lang.Object)'> (0x00000000c3c8deb0) 
thrown [s\src\hotspot\share\interpreter\linkResolver.cpp, line 759]
Event: 26.892 Thread 0x000001bf24faf010 Exception <a 'java/lang/NoClassDefFoundError'{0x00000000c3a8ec28}: sun/reflect/Reflection> (0x00000000c3a8ec28) 
thrown [s\src\hotspot\share\classfile\systemDictionary.cpp, line 245]
Event: 320.727 Thread 0x000001bf24cb0030 Exception <a 'java/lang/NoSuchMethodError'{0x00000000c5f78438}: static [B.<clinit>()V> (0x00000000c5f78438) 
thrown [s\src\hotspot\share\prims\jni.cpp, line 1107]
Event: 620.728 Thread 0x000001bf24cb0030 Exception <a 'java/lang/NoSuchMethodError'{0x00000000c5aa9578}: static [B.<clinit>()V> (0x00000000c5aa9578) 
thrown [s\src\hotspot\share\prims\jni.cpp, line 1107]
Event: 920.736 Thread 0x000001bf24cb0030 Exception <a 'java/lang/NoSuchMethodError'{0x00000000c651cb08}: static [B.<clinit>()V> (0x00000000c651cb08) 
thrown [s\src\hotspot\share\prims\jni.cpp, line 1107]
Event: 1773.223 Thread 0x000001bf29a19210 Exception <a 'java/io/IOException'{0x00000000c4b06258}> (0x00000000c4b06258) 
thrown [s\src\hotspot\share\prims\jni.cpp, line 516]
Event: 1773.223 Thread 0x000001bf29a19210 Exception <a 'java/io/IOException'{0x00000000c4b06d98}> (0x00000000c4b06d98) 
thrown [s\src\hotspot\share\prims\jni.cpp, line 516]
Event: 1778.829 Thread 0x000001bf29a19210 Exception <a 'java/io/IOException'{0x00000000c4b0bed0}> (0x00000000c4b0bed0) 
thrown [s\src\hotspot\share\prims\jni.cpp, line 516]
Event: 1778.829 Thread 0x000001bf29a19210 Exception <a 'java/io/IOException'{0x00000000c4b0ca10}> (0x00000000c4b0ca10) 
thrown [s\src\hotspot\share\prims\jni.cpp, line 516]
Event: 1789.971 Thread 0x000001bf29a183a0 Exception <a 'java/io/IOException'{0x00000000c451c328}> (0x00000000c451c328) 
thrown [s\src\hotspot\share\prims\jni.cpp, line 516]
Event: 1789.971 Thread 0x000001bf29a183a0 Exception <a 'java/io/IOException'{0x00000000c451ce68}> (0x00000000c451ce68) 
thrown [s\src\hotspot\share\prims\jni.cpp, line 516]
Event: 1793.308 Thread 0x000001bf29a183a0 Exception <a 'java/io/IOException'{0x00000000c4521f28}> (0x00000000c4521f28) 
thrown [s\src\hotspot\share\prims\jni.cpp, line 516]
Event: 1793.308 Thread 0x000001bf29a183a0 Exception <a 'java/io/IOException'{0x00000000c4522a68}> (0x00000000c4522a68) 
thrown [s\src\hotspot\share\prims\jni.cpp, line 516]
Event: 1813.346 Thread 0x000001bf29a1b890 Exception <a 'java/io/IOException'{0x00000000c7b01358}> (0x00000000c7b01358) 
thrown [s\src\hotspot\share\prims\jni.cpp, line 516]
Event: 1813.346 Thread 0x000001bf29a1b890 Exception <a 'java/io/IOException'{0x00000000c7b01e98}> (0x00000000c7b01e98) 
thrown [s\src\hotspot\share\prims\jni.cpp, line 516]

VM Operations (20 events):
Event: 1773.449 Executing VM operation: Cleanup
Event: 1773.450 Executing VM operation: Cleanup done
Event: 1774.451 Executing VM operation: Cleanup
Event: 1774.451 Executing VM operation: Cleanup done
Event: 1779.485 Executing VM operation: Cleanup
Event: 1779.485 Executing VM operation: Cleanup done
Event: 1787.574 Executing VM operation: Cleanup
Event: 1787.574 Executing VM operation: Cleanup done
Event: 1790.591 Executing VM operation: Cleanup
Event: 1790.591 Executing VM operation: Cleanup done
Event: 1791.605 Executing VM operation: Cleanup
Event: 1791.605 Executing VM operation: Cleanup done
Event: 1793.623 Executing VM operation: Cleanup
Event: 1793.623 Executing VM operation: Cleanup done
Event: 1798.063 Executing VM operation: G1CollectForAllocation
Event: 1798.069 Executing VM operation: G1CollectForAllocation done
Event: 1813.332 Executing VM operation: G1CollectForAllocation
Event: 1813.346 Executing VM operation: G1CollectForAllocation done
Event: 2165.187 Executing VM operation: G1CollectForAllocation
Event: 2165.191 Executing VM operation: G1CollectForAllocation done

Events (20 events):
Event: 1773.217 Thread 0x000001bf29a19210 Thread added: 0x000001bf29a19210
Event: 1773.218 Thread 0x000001bf29a1e8b0 Thread added: 0x000001bf29a1e8b0
Event: 1773.220 loading class sun/security/ssl/Alert
Event: 1773.221 loading class sun/security/ssl/Alert done
Event: 1773.221 loading class sun/security/ssl/Alert$AlertConsumer
Event: 1773.222 loading class sun/security/ssl/Alert$AlertConsumer done
Event: 1773.222 loading class sun/security/ssl/Alert$Level
Event: 1773.222 loading class sun/security/ssl/Alert$Level done
Event: 1773.223 loading class sun/net/ConnectionResetException
Event: 1773.224 loading class sun/net/ConnectionResetException done
Event: 1783.830 Thread 0x000001bf29a19210 Thread exited: 0x000001bf29a19210
Event: 1783.862 Thread 0x000001bf29a1e8b0 Thread exited: 0x000001bf29a1e8b0
Event: 1786.546 Thread 0x000001bf29a183a0 Thread added: 0x000001bf29a183a0
Event: 1786.546 Thread 0x000001bf29a17530 Thread added: 0x000001bf29a17530
Event: 1799.369 Thread 0x000001bf29a183a0 Thread exited: 0x000001bf29a183a0
Event: 1799.376 Thread 0x000001bf29a17530 Thread exited: 0x000001bf29a17530
Event: 1812.666 Thread 0x000001bf29a1b890 Thread added: 0x000001bf29a1b890
Event: 1812.666 Thread 0x000001bf29a1b3c0 Thread added: 0x000001bf29a1b3c0
Event: 1818.356 Thread 0x000001bf29a1b890 Thread exited: 0x000001bf29a1b890
Event: 1818.387 Thread 0x000001bf29a1b3c0 Thread exited: 0x000001bf29a1b3c0


Dynamic libraries:
0x00007ff605a90000 - 0x00007ff605a9e000 	C:\Program Files\sts-4.16.1.RELEASE\plugins\org.eclipse.justj.openjdk.hotspot.jre.full.win32.x86_64_17.0.4.v20221004-1257\jre\bin\javaw.exe
0x00007fff86130000 - 0x00007fff86328000 	C:\Windows\SYSTEM32\ntdll.dll
0x00007fff859f0000 - 0x00007fff85aaf000 	C:\Windows\System32\KERNEL32.DLL
0x00007fff83ea0000 - 0x00007fff84172000 	C:\Windows\System32\KERNELBASE.dll
0x00007fff83d00000 - 0x00007fff83e00000 	C:\Windows\System32\ucrtbase.dll
0x00007fff7ed60000 - 0x00007fff7ed79000 	C:\Program Files\sts-4.16.1.RELEASE\plugins\org.eclipse.justj.openjdk.hotspot.jre.full.win32.x86_64_17.0.4.v20221004-1257\jre\bin\VCRUNTIME140.dll
0x00007fff73af0000 - 0x00007fff73b08000 	C:\Program Files\sts-4.16.1.RELEASE\plugins\org.eclipse.justj.openjdk.hotspot.jre.full.win32.x86_64_17.0.4.v20221004-1257\jre\bin\jli.dll
0x00007fff851f0000 - 0x00007fff8538d000 	C:\Windows\System32\USER32.dll
0x00007fff83e70000 - 0x00007fff83e92000 	C:\Windows\System32\win32u.dll
0x00007fff84f00000 - 0x00007fff84f2b000 	C:\Windows\System32\GDI32.dll
0x00007fff83a20000 - 0x00007fff83b2f000 	C:\Windows\System32\gdi32full.dll
0x00007fff83c10000 - 0x00007fff83cad000 	C:\Windows\System32\msvcp_win.dll
0x00007fff70ca0000 - 0x00007fff70f3a000 	C:\Windows\WinSxS\amd64_microsoft.windows.common-controls_6595b64144ccf1df_6.0.19041.1110_none_60b5254171f9507e\COMCTL32.dll
0x00007fff85ba0000 - 0x00007fff85c3e000 	C:\Windows\System32\msvcrt.dll
0x00007fff84fc0000 - 0x00007fff84ff2000 	C:\Windows\System32\IMM32.DLL
0x00007fff7f320000 - 0x00007fff7f32c000 	C:\Program Files\sts-4.16.1.RELEASE\plugins\org.eclipse.justj.openjdk.hotspot.jre.full.win32.x86_64_17.0.4.v20221004-1257\jre\bin\vcruntime140_1.dll
0x00007fff7d070000 - 0x00007fff7d101000 	C:\Program Files\sts-4.16.1.RELEASE\plugins\org.eclipse.justj.openjdk.hotspot.jre.full.win32.x86_64_17.0.4.v20221004-1257\jre\bin\msvcp140.dll
0x00007fff38db0000 - 0x00007fff399f6000 	C:\Program Files\sts-4.16.1.RELEASE\plugins\org.eclipse.justj.openjdk.hotspot.jre.full.win32.x86_64_17.0.4.v20221004-1257\jre\bin\server\jvm.dll
0x00007fff85000000 - 0x00007fff850ae000 	C:\Windows\System32\ADVAPI32.dll
0x00007fff85880000 - 0x00007fff8591c000 	C:\Windows\System32\sechost.dll
0x00007fff85c40000 - 0x00007fff85d65000 	C:\Windows\System32\RPCRT4.dll
0x00007fff85fa0000 - 0x00007fff85fa8000 	C:\Windows\System32\PSAPI.DLL
0x00007fff7dff0000 - 0x00007fff7e017000 	C:\Windows\SYSTEM32\WINMM.dll
0x00007fff73d70000 - 0x00007fff73d79000 	C:\Windows\SYSTEM32\WSOCK32.dll
0x00007fff85b30000 - 0x00007fff85b9b000 	C:\Windows\System32\WS2_32.dll
0x00007fff75800000 - 0x00007fff7580a000 	C:\Windows\SYSTEM32\VERSION.dll
0x00007fff816f0000 - 0x00007fff81702000 	C:\Windows\SYSTEM32\kernel.appcore.dll
0x00007fff73c30000 - 0x00007fff73c3a000 	C:\Program Files\sts-4.16.1.RELEASE\plugins\org.eclipse.justj.openjdk.hotspot.jre.full.win32.x86_64_17.0.4.v20221004-1257\jre\bin\jimage.dll
0x00007fff76290000 - 0x00007fff76474000 	C:\Windows\SYSTEM32\DBGHELP.DLL
0x00007fff75bb0000 - 0x00007fff75bdc000 	C:\Windows\SYSTEM32\dbgcore.DLL
0x00007fff83830000 - 0x00007fff838b2000 	C:\Windows\System32\bcryptPrimitives.dll
0x00007fff72b70000 - 0x00007fff72b95000 	C:\Program Files\sts-4.16.1.RELEASE\plugins\org.eclipse.justj.openjdk.hotspot.jre.full.win32.x86_64_17.0.4.v20221004-1257\jre\bin\java.dll
0x00007fff3cf60000 - 0x00007fff3cf78000 	C:\Program Files\sts-4.16.1.RELEASE\plugins\org.eclipse.justj.openjdk.hotspot.jre.full.win32.x86_64_17.0.4.v20221004-1257\jre\bin\zip.dll
0x00007fff841e0000 - 0x00007fff84923000 	C:\Windows\System32\SHELL32.dll
0x00007fff818f0000 - 0x00007fff82082000 	C:\Windows\SYSTEM32\windows.storage.dll
0x00007fff849e0000 - 0x00007fff84d34000 	C:\Windows\System32\combase.dll
0x00007fff831b0000 - 0x00007fff831e0000 	C:\Windows\SYSTEM32\Wldp.dll
0x00007fff84930000 - 0x00007fff849dd000 	C:\Windows\System32\SHCORE.dll
0x00007fff84180000 - 0x00007fff841d5000 	C:\Windows\System32\shlwapi.dll
0x00007fff83770000 - 0x00007fff8378f000 	C:\Windows\SYSTEM32\profapi.dll
0x00007fff72ad0000 - 0x00007fff72ae9000 	C:\Program Files\sts-4.16.1.RELEASE\plugins\org.eclipse.justj.openjdk.hotspot.jre.full.win32.x86_64_17.0.4.v20221004-1257\jre\bin\net.dll
0x00007fff780f0000 - 0x00007fff781fc000 	C:\Windows\SYSTEM32\WINHTTP.dll
0x00007fff82f10000 - 0x00007fff82f7a000 	C:\Windows\system32\mswsock.dll
0x00007fff72ab0000 - 0x00007fff72ac5000 	C:\Program Files\sts-4.16.1.RELEASE\plugins\org.eclipse.justj.openjdk.hotspot.jre.full.win32.x86_64_17.0.4.v20221004-1257\jre\bin\nio.dll
0x00007fff7ed50000 - 0x00007fff7ed59000 	C:\Program Files\sts-4.16.1.RELEASE\plugins\org.eclipse.justj.openjdk.hotspot.jre.full.win32.x86_64_17.0.4.v20221004-1257\jre\bin\management.dll
0x00007fff7d060000 - 0x00007fff7d06b000 	C:\Program Files\sts-4.16.1.RELEASE\plugins\org.eclipse.justj.openjdk.hotspot.jre.full.win32.x86_64_17.0.4.v20221004-1257\jre\bin\management_ext.dll
0x00007fff73e90000 - 0x00007fff73ea7000 	C:\Windows\system32\napinsp.dll
0x00007fff73e70000 - 0x00007fff73e8b000 	C:\Windows\system32\pnrpnsp.dll
0x00007fff7dd10000 - 0x00007fff7dd25000 	C:\Windows\system32\wshbth.dll
0x00007fff7f1c0000 - 0x00007fff7f1dd000 	C:\Windows\system32\NLAapi.dll
0x00007fff82c00000 - 0x00007fff82c3b000 	C:\Windows\SYSTEM32\IPHLPAPI.DLL
0x00007fff82c40000 - 0x00007fff82d0a000 	C:\Windows\SYSTEM32\DNSAPI.dll
0x00007fff85fb0000 - 0x00007fff85fb8000 	C:\Windows\System32\NSI.dll
0x00007fff73d50000 - 0x00007fff73d62000 	C:\Windows\System32\winrnr.dll
0x00007fff7a940000 - 0x00007fff7a94a000 	C:\Windows\System32\rasadhlp.dll
0x00007fff783a0000 - 0x00007fff78420000 	C:\Windows\System32\fwpuclnt.dll
0x00007fff83be0000 - 0x00007fff83c07000 	C:\Windows\System32\bcrypt.dll
0x00007fff83100000 - 0x00007fff83118000 	C:\Windows\SYSTEM32\CRYPTSP.dll
0x00007fff82830000 - 0x00007fff82864000 	C:\Windows\system32\rsaenh.dll
0x00007fff836f0000 - 0x00007fff8371e000 	C:\Windows\SYSTEM32\USERENV.dll
0x00007fff83120000 - 0x00007fff8312c000 	C:\Windows\SYSTEM32\CRYPTBASE.dll
0x00007fff789a0000 - 0x00007fff789b7000 	C:\Windows\SYSTEM32\dhcpcsvc6.DLL
0x00007fff78de0000 - 0x00007fff78dfd000 	C:\Windows\SYSTEM32\dhcpcsvc.DLL
0x00007fff73c10000 - 0x00007fff73c20000 	C:\Program Files\sts-4.16.1.RELEASE\plugins\org.eclipse.justj.openjdk.hotspot.jre.full.win32.x86_64_17.0.4.v20221004-1257\jre\bin\verify.dll
0x00007fff80a90000 - 0x00007fff80a9e000 	C:\Program Files\sts-4.16.1.RELEASE\plugins\org.eclipse.justj.openjdk.hotspot.jre.full.win32.x86_64_17.0.4.v20221004-1257\jre\bin\sunmscapi.dll
0x00007fff838c0000 - 0x00007fff83a16000 	C:\Windows\System32\CRYPT32.dll
0x00007fff83220000 - 0x00007fff83247000 	C:\Windows\SYSTEM32\ncrypt.dll
0x00007fff831e0000 - 0x00007fff8321b000 	C:\Windows\SYSTEM32\NTASN1.dll
0x00007fff7cf60000 - 0x00007fff7cf67000 	C:\Windows\system32\wshunix.dll

dbghelp: loaded successfully - version: 4.0.5 - missing functions: none
symbol engine: initialized successfully - sym options: 0x614 - pdb path: .;C:\Program Files\sts-4.16.1.RELEASE\plugins\org.eclipse.justj.openjdk.hotspot.jre.full.win32.x86_64_17.0.4.v20221004-1257\jre\bin;C:\Windows\SYSTEM32;C:\Windows\WinSxS\amd64_microsoft.windows.common-controls_6595b64144ccf1df_6.0.19041.1110_none_60b5254171f9507e;C:\Program Files\sts-4.16.1.RELEASE\plugins\org.eclipse.justj.openjdk.hotspot.jre.full.win32.x86_64_17.0.4.v20221004-1257\jre\bin\server

VM Arguments:
jvm_args: -Dcom.sun.management.jmxremote -Dcom.sun.management.jmxremote.port=56779 -Dcom.sun.management.jmxremote.authenticate=false -Dcom.sun.management.jmxremote.ssl=false -Djava.rmi.server.hostname=localhost -Dspring.jmx.enabled=true -Dspring.application.admin.enabled=true -XX:TieredStopAtLevel=1 -Dspring.boot.project.name=user -Dfile.encoding=UTF-8 -XX:+ShowCodeDetailsInExceptionMessages 
java_command: com.ecommerce.user.UserApplication --spring.output.ansi.enabled=always
java_class_path (initial): E:\springEcommerce\ecommerce\user\target\classes;C:\Users\ELMORCHED\.m2\repository\org\springframework\boot\spring-boot-starter-data-jpa\2.7.6\spring-boot-starter-data-jpa-2.7.6.jar;C:\Users\ELMORCHED\.m2\repository\org\springframework\boot\spring-boot-starter-aop\2.7.6\spring-boot-starter-aop-2.7.6.jar;C:\Users\ELMORCHED\.m2\repository\org\aspectj\aspectjweaver\1.9.7\aspectjweaver-1.9.7.jar;C:\Users\ELMORCHED\.m2\repository\org\springframework\boot\spring-boot-starter-jdbc\2.7.6\spring-boot-starter-jdbc-2.7.6.jar;C:\Users\ELMORCHED\.m2\repository\com\zaxxer\HikariCP\4.0.3\HikariCP-4.0.3.jar;C:\Users\ELMORCHED\.m2\repository\org\springframework\spring-jdbc\5.3.24\spring-jdbc-5.3.24.jar;C:\Users\ELMORCHED\.m2\repository\jakarta\transaction\jakarta.transaction-api\1.3.3\jakarta.transaction-api-1.3.3.jar;C:\Users\ELMORCHED\.m2\repository\jakarta\persistence\jakarta.persistence-api\2.2.3\jakarta.persistence-api-2.2.3.jar;C:\Users\ELMORCHED\.m2\repository\org\hibernate\hibernate-core\5.6.14.Final\hibernate-core-5.6.14.Final.jar;C:\Users\ELMORCHED\.m2\repository\org\jboss\logging\jboss-logging\3.4.3.Final\jboss-logging-3.4.3.Final.jar;C:\Users\ELMORCHED\.m2\repository\net\bytebuddy\byte-buddy\1.12.19\byte-buddy-1.12.19.jar;C:\Users\ELMORCHED\.m2\repository\antlr\antlr\2.7.7\antlr-2.7.7.jar;C:\Users\ELMORCHED\.m2\repository\org\jboss\jandex\2.4.2.Final\jandex-2.4.2.Final.jar;C:\Users\ELMORCHED\.m2\repository\com\fasterxml\classmate\1.5.1\classmate-1.5.1.jar;C:\Users\ELMORCHED\.m2\repository\org\hibernate\common\hibernate-commons-annotations\5.1.2.Final\hibernate-commons-annotations-5.1.2.Final.jar;C:\Users\ELMORCHED\.m2\repository\org\glassfish\jaxb\jaxb-runtime\2.3.7\jaxb-runtime-2.3.7.jar;C:\Users\ELMORCHED\.m2\repository\org\glassfish\jaxb\txw2\2.3.7\txw2-2.3.7.jar;C:\Users\ELMORCHED\.m2\repository\com\sun\istack\istack-commons-runtime\3.0.12\istack-commons-runtime-3.0.12.jar;C:\Users\ELMORCHED\.m2\repository\org\springframework\data\spring-
Launcher Type: SUN_STANDARD

[Global flags]
     intx CICompilerCount                          = 2                                         {product} {ergonomic}
     uint ConcGCThreads                            = 1                                         {product} {ergonomic}
     uint G1ConcRefinementThreads                  = 2                                         {product} {ergonomic}
   size_t G1HeapRegionSize                         = 1048576                                   {product} {ergonomic}
    uintx GCDrainStackTargetSize                   = 64                                        {product} {ergonomic}
   size_t InitialHeapSize                          = 67108864                                  {product} {ergonomic}
     bool ManagementServer                         = true                                      {product} {command line}
   size_t MarkStackSize                            = 4194304                                   {product} {ergonomic}
   size_t MaxHeapSize                              = 1059061760                                {product} {ergonomic}
   size_t MaxNewSize                               = 635437056                                 {product} {ergonomic}
   size_t MinHeapDeltaBytes                        = 1048576                                   {product} {ergonomic}
   size_t MinHeapSize                              = 8388608                                   {product} {ergonomic}
    uintx NonProfiledCodeHeapSize                  = 0                                      {pd product} {ergonomic}
     bool ProfileInterpreter                       = false                                  {pd product} {command line}
    uintx ProfiledCodeHeapSize                     = 0                                      {pd product} {ergonomic}
     bool ShowCodeDetailsInExceptionMessages       = true                                   {manageable} {command line}
   size_t SoftMaxHeapSize                          = 1059061760                             {manageable} {ergonomic}
     intx TieredStopAtLevel                        = 1                                         {product} {command line}
     bool UseCompressedClassPointers               = true                           {product lp64_product} {ergonomic}
     bool UseCompressedOops                        = true                           {product lp64_product} {ergonomic}
     bool UseG1GC                                  = true                                      {product} {ergonomic}
     bool UseLargePagesIndividualAllocation        = false                                  {pd product} {ergonomic}

Logging:
Log output configuration:
 #0: stdout all=warning uptime,level,tags
 #1: stderr all=off uptime,level,tags

Environment Variables:
PATH=C:/Program Files/sts-4.16.1.RELEASE//plugins/org.eclipse.justj.openjdk.hotspot.jre.full.win32.x86_64_17.0.4.v20221004-1257/jre/bin/server;C:/Program Files/sts-4.16.1.RELEASE//plugins/org.eclipse.justj.openjdk.hotspot.jre.full.win32.x86_64_17.0.4.v20221004-1257/jre/bin;C:\Program Files\Common Files\Oracle\Java\javapath;C:\Windows\system32;C:\Windows;C:\Windows\System32\Wbem;C:\Windows\System32\WindowsPowerShell\v1.0\;C:\Windows\System32\OpenSSH\;C:\Program Files\MySQL\MySQL Shell 8.0\bin\;C:\Users\ELMORCHED\AppData\Local\Microsoft\WindowsApps;;C:\Program Files\sts-4.16.1.RELEASE;
USERNAME=ELMORCHED
OS=Windows_NT
PROCESSOR_IDENTIFIER=Intel64 Family 6 Model 42 Stepping 7, GenuineIntel
TMP=C:\Users\ELMORC~1\AppData\Local\Temp
TEMP=C:\Users\ELMORC~1\AppData\Local\Temp



---------------  S Y S T E M  ---------------

OS:
 Windows 10 , 64 bit Build 19041 (10.0.19041.2251)
OS uptime: 0 days 3:32 hours

CPU: total 2 (initial active 2) (2 cores per cpu, 1 threads per core) family 6 model 42 stepping 7 microcode 0x2f, cx8, cmov, fxsr, mmx, sse, sse2, sse3, ssse3, sse4.1, sse4.2, popcnt, tsc, tscinvbit, clmul, clflush

Memory: 4k page, system-wide physical 4039M (1220M free)
TotalPageFile size 8647M (AvailPageFile size 2869M)
current process WorkingSet (physical memory assigned to process): 235M, peak: 269M
current process commit charge ("private bytes"): 291M, peak: 291M

vm_info: OpenJDK 64-Bit Server VM (17.0.4.1+1) for windows-amd64 JRE (17.0.4.1+1), built on Aug 17 2022 07:42:43 by "temurin" with MS VC++ 16.7 (VS2019)

END.
