#
# A fatal error has been detected by the Java Runtime Environment:
#
#  EXCEPTION_ACCESS_VIOLATION (0xc0000005) at pc=0x00007ffe963e5bd2, pid=524, tid=1412
#
# JRE version: OpenJDK Runtime Environment Temurin-17.0.4.1+1 (17.0.4.1+1) (build 17.0.4.1+1)
# Java VM: OpenJDK 64-Bit Server VM Temurin-17.0.4.1+1 (17.0.4.1+1, mixed mode, emulated-client, tiered, compressed oops, compressed class ptrs, g1 gc, windows-amd64)
# Problematic frame:
# V  [jvm.dll+0x2d5bd2]
#
# No core dump will be written. Minidumps are not enabled by default on client versions of Windows
#
# If you would like to submit a bug report, please visit:
#   https://github.com/adoptium/adoptium-support/issues
#

---------------  S U M M A R Y ------------

Command Line: -Dcom.sun.management.jmxremote -Dcom.sun.management.jmxremote.port=61779 -Dcom.sun.management.jmxremote.authenticate=false -Dcom.sun.management.jmxremote.ssl=false -Djava.rmi.server.hostname=localhost -Dspring.jmx.enabled=true -Dspring.application.admin.enabled=true -XX:TieredStopAtLevel=1 -Dspring.boot.project.name=user -Dfile.encoding=UTF-8 -XX:+ShowCodeDetailsInExceptionMessages com.ecommerce.user.UserApplication --spring.output.ansi.enabled=always

Host: Intel(R) Pentium(R) CPU B940 @ 2.00GHz, 2 cores, 3G,  Windows 10 , 64 bit Build 19041 (10.0.19041.2251)
Time: Sat Dec  3 00:58:02 2022 Paris, Madrid elapsed time: 2190.840743 seconds (0d 0h 36m 30s)

---------------  T H R E A D  ---------------

Current thread (0x0000021424de33c0):  ConcurrentGCThread "G1 Conc#0" [stack: 0x000000abc2400000,0x000000abc2500000] [id=1412]

Stack: [0x000000abc2400000,0x000000abc2500000],  sp=0x000000abc24ff900,  free space=1022k
Native frames: (J=compiled Java code, j=interpreted, Vv=VM code, C=native code)
V  [jvm.dll+0x2d5bd2]
V  [jvm.dll+0x2d591f]
V  [jvm.dll+0x2d3b4d]
V  [jvm.dll+0x2d3791]
V  [jvm.dll+0x2e924e]
V  [jvm.dll+0x2e59b1]
V  [jvm.dll+0x2e730c]
V  [jvm.dll+0x2e62e4]
V  [jvm.dll+0x2e9e76]
V  [jvm.dll+0x85f6bb]
V  [jvm.dll+0x85f706]
V  [jvm.dll+0x7e240a]
V  [jvm.dll+0x6761a5]
C  [ucrtbase.dll+0x21bb2]
C  [KERNEL32.DLL+0x174b4]
C  [ntdll.dll+0x526a1]


siginfo: EXCEPTION_ACCESS_VIOLATION (0xc0000005), reading address 0x00000000000000c0


Register to memory mapping:

RIP=0x00007ffe963e5bd2 jvm.dll
RAX=0x0000021424dbb910 points into unknown readable memory: 0x0000000000000000 | 00 00 00 00 00 00 00 00
RBX=0x0000021424de4fd0 points into unknown readable memory: 0x00007ffe96a62698 | 98 26 a6 96 fe 7f 00 00
RCX=0x0000000000000014 is an unknown value
RDX=0x0 is NULL
RSP=0x000000abc24ff900 points into unknown readable memory: 0x000000000010b076 | 76 b0 10 00 00 00 00 00
RBP=0x0 is NULL
RSI=0x0000021424dd9b80 points into unknown readable memory: 0x0000021424de2aa0 | a0 2a de 24 14 02 00 00
RDI=0x0000000000000010 is an unknown value
R8 =0x0000000000000010 is an unknown value
R9 =0x0 is NULL
R10=0x0000000000000015 is an unknown value
R11=0x0000000000000002 is an unknown value
R12=0x0 is NULL
R13=0xaaaaaaaaaaaaaaab is an unknown value
R14=0x00000001001d5608 is a pointer to class: 
org.springframework.core.ResolvableType$1 {0x00000001001d5610}
 - instance size:     7
 - klass size:        93
 - access:            final synchronized 
 - state:             fully_initialized
 - name:              'org/springframework/core/ResolvableType$1'
 - super:             'org/springframework/core/ResolvableType'
 - sub:               
 - arrays:            NULL
 - methods:           Array<T>(0x00000214314d4fc0)
 - method ordering:   Array<T>(0x000002142fc00018)
 - default_methods:   Array<T>(0x0000000000000000)
 - local interfaces:  Array<T>(0x000002142fc00058)
 - trans. interfaces: Array<T>(0x00000214314cf808)
 - constants:         constant pool [56] {0x00000214314d4d80} for 'org/springframework/core/ResolvableType$1' cache=0x00000214333f2b30
 - class loader data:  loader data: 0x000002142f8e7640 for instance a 'jdk/internal/loader/ClassLoaders$AppClassLoader'{0x00000000c11bf3a0}
 - source file:       'ResolvableType.java'
 - class annotations:       Array<T>(0x0000000000000000)
 - class type annotations:  Array<T>(0x0000000000000000)
 - field annotations:       Array<T>(0x0000000000000000)
 - field type annotations:  Array<T>(0x0000000000000000)
 - inner classes:     Array<T>(0x00000214314d5318)
 - nest members:     Array<T>(0x000002142fc00028)
 - permitted subclasses:     Array<T>(0x000002142fc00028)
 - java mirror:       a 'java/lang/Class'{0x00000000c15b0240} = 'org/springframework/core/ResolvableType$1'
 - vtable length      33  (start addr: 0x00000001001d57d0)
 - itable length      2 (start addr: 0x00000001001d58d8)
 - ---- static fields (0 words):
 - ---- non-static fields (10 words):
 - private final 'type' 'Ljava/lang/reflect/Type;' @12 
 - private final 'typeProvider' 'Lorg/springframework/core/SerializableTypeWrapper$TypeProvider;' @16 
 - private final 'variableResolver' 'Lorg/springframework/core/ResolvableType$VariableResolver;' @20 
 - private final 'componentType' 'Lorg/springframework/core/ResolvableType;' @24 
 - private final 'hash' 'Ljava/lang/Integer;' @28 
 - private 'resolved' 'Ljava/lang/Class;' @32 
 - private volatile 'superType' 'Lorg/springframework/core/ResolvableType;' @36 
 - private volatile 'interfaces' '[Lorg/springframework/core/ResolvableType;' @40 
 - private volatile 'generics' '[Lorg/springframework/core/ResolvableType;' @44 
 - final synthetic 'val$clazz' 'Ljava/lang/Class;' @48 
 - non-static oop maps: 12-48 
R15=0x00000000c237a3c8 is an oop: org.springframework.core.ResolvableType 
{0x00000000c237a3c8} - klass: 'org/springframework/core/ResolvableType'
 - ---- fields (total size 6 words):
 - private final 'type' 'Ljava/lang/reflect/Type;' @12  a 'java/lang/Class'{0x00000000c0f6c2c8} = 'java/lang/String' (c0f6c2c8)
 - private final 'typeProvider' 'Lorg/springframework/core/SerializableTypeWrapper$TypeProvider;' @16  NULL (0)
 - private final 'variableResolver' 'Lorg/springframework/core/ResolvableType$VariableResolver;' @20  a 'org/springframework/core/ResolvableType$DefaultVariableResolver'{0x00000000c237a3f8} (c237a3f8)
 - private final 'componentType' 'Lorg/springframework/core/ResolvableType;' @24  NULL (0)
 - private final 'hash' 'Ljava/lang/Integer;' @28  
[error occurred during error reporting (printing register info), id 0xc0000005, EXCEPTION_ACCESS_VIOLATION (0xc0000005) at pc=0x00007ffe964a095e]

Registers:
RAX=0x0000021424dbb910, RBX=0x0000021424de4fd0, RCX=0x0000000000000014, RDX=0x0000000000000000
RSP=0x000000abc24ff900, RBP=0x0000000000000000, RSI=0x0000021424dd9b80, RDI=0x0000000000000010
R8 =0x0000000000000010, R9 =0x0000000000000000, R10=0x0000000000000015, R11=0x0000000000000002
R12=0x0000000000000000, R13=0xaaaaaaaaaaaaaaab, R14=0x00000001001d5608, R15=0x00000000c237a3c8
RIP=0x00007ffe963e5bd2, EFLAGS=0x0000000000010246

Top of Stack: (sp=0x000000abc24ff900)
0x000000abc24ff900:   000000000010b076 0000000003368b4a
0x000000abc24ff910:   0000d9a6516433f1 000000abc24ffad0
0x000000abc24ff920:   0000000000000010 00007ffe963e591f
0x000000abc24ff930:   0000021424de4fd0 000000abc24ffad0
0x000000abc24ff940:   00000001001d5600 00007ffe9678097c
0x000000abc24ff950:   00000000c237a3f8 00007ffe963e3b4d
0x000000abc24ff960:   00000000c237a3e4 00007ffe963e416d
0x000000abc24ff970:   000000abc24ff9a0 0000000000000002
0x000000abc24ff980:   000000abc24ffa90 0000000000000001
0x000000abc24ff990:   00000000c237a3c8 00007ffe963e3791
0x000000abc24ff9a0:   00000001001d5320 0000000000000006
0x000000abc24ff9b0:   000000abc24ffad0 0000000000000000
0x000000abc24ff9c0:   0000021424de4fd0 00007ffe963f924e
0x000000abc24ff9d0:   00000000c237a3c8 0000021424dd9b90
0x000000abc24ff9e0:   000000abc24ffa90 0000021424dd9b90
0x000000abc24ff9f0:   00000000c237a3c8 00007ffe963f59b1 

Instructions: (pc=0x00007ffe963e5bd2)
0x00007ffe963e5ad2:   48 3b c8 75 ee 32 db 48 8b 6c 24 38 0f b6 c3 48
0x00007ffe963e5ae2:   8b 5c 24 30 48 8b 74 24 40 48 83 c4 20 5f c3 80
0x00007ffe963e5af2:   3d 67 38 89 00 00 b3 01 74 15 8b 57 08 8b 0d f3
0x00007ffe963e5b02:   77 82 00 48 d3 e2 48 03 15 e1 77 82 00 eb 04 48
0x00007ffe963e5b12:   8b 57 08 48 8b cf e8 63 6e d3 ff 4c 63 d8 48 8b
0x00007ffe963e5b22:   86 08 03 00 00 4c 8b 04 e8 49 8b 40 18 8b 88 c0
0x00007ffe963e5b32:   01 00 00 48 8b 90 b8 01 00 00 48 d3 e2 8b 0d 5b
0x00007ffe963e5b42:   41 89 00 48 2b fa 41 8b 50 60 48 d3 ef 44 8b d7
0x00007ffe963e5b52:   49 23 d2 48 c1 e2 04 49 03 50 40 8b 02 3b c7 74
0x00007ffe963e5b62:   2d 4c 8b 4a 08 4d 85 c9 74 0c 8b c8 49 8b 40 38
0x00007ffe963e5b72:   f0 4c 0f c1 0c c8 48 c7 42 08 00 00 00 00 44 89
0x00007ffe963e5b82:   12 49 ff 40 58 4c 01 5a 08 e9 49 ff ff ff 49 ff
0x00007ffe963e5b92:   40 50 4c 01 5a 08 e9 3c ff ff ff cc cc cc 48 89
0x00007ffe963e5ba2:   6c 24 10 48 89 74 24 18 57 48 83 ec 20 48 8b 41
0x00007ffe963e5bb2:   08 48 8b f1 4d 8b c8 8b ea 49 8b f8 8b 88 c0 01
0x00007ffe963e5bc2:   00 00 48 8b 80 b0 01 00 00 49 d3 e9 4e 8b 0c c8
0x00007ffe963e5bd2:   4d 3b 81 c0 00 00 00 72 12 32 c0 48 8b 6c 24 38
0x00007ffe963e5be2:   48 8b 74 24 40 48 83 c4 20 5f c3 48 89 5c 24 30
0x00007ffe963e5bf2:   48 8b d7 48 8b 9e 98 00 00 00 48 8b cb 48 8b 03
0x00007ffe963e5c02:   ff 10 8b 4b 18 48 8b d7 48 2b 53 08 48 8b 43 20
0x00007ffe963e5c12:   48 c1 ea 03 48 d3 ea 48 8b ca 48 c1 e9 06 4c 8d
0x00007ffe963e5c22:   04 c8 0f b6 ca 49 8b 00 80 e1 3f ba 01 00 00 00
0x00007ffe963e5c32:   48 d3 e2 48 8b c8 48 0b ca 48 3b c8 74 12 f0 49
0x00007ffe963e5c42:   0f b1 08 74 25 48 8b c8 48 0b ca 48 3b c8 75 ee
0x00007ffe963e5c52:   32 db 48 8b 6c 24 38 0f b6 c3 48 8b 5c 24 30 48
0x00007ffe963e5c62:   8b 74 24 40 48 83 c4 20 5f c3 80 3d ec 36 89 00
0x00007ffe963e5c72:   00 b3 01 74 15 8b 57 08 8b 0d 78 76 82 00 48 d3
0x00007ffe963e5c82:   e2 48 03 15 66 76 82 00 eb 04 48 8b 57 08 48 8b
0x00007ffe963e5c92:   cf e8 e8 6c d3 ff 4c 63 d8 48 8b 86 08 03 00 00
0x00007ffe963e5ca2:   4c 8b 04 e8 49 8b 40 18 8b 88 c0 01 00 00 48 8b
0x00007ffe963e5cb2:   90 b8 01 00 00 48 d3 e2 8b 0d e0 3f 89 00 48 2b
0x00007ffe963e5cc2:   fa 41 8b 50 60 48 d3 ef 44 8b d7 49 23 d2 48 c1 


Stack slot to memory mapping:
stack at sp + 0 slots: 0x000000000010b076 is an unknown value
stack at sp + 1 slots: 0x0000000003368b4a is an unknown value
stack at sp + 2 slots: 0x0000d9a6516433f1 is an unknown value
stack at sp + 3 slots: 0x000000abc24ffad0 points into unknown readable memory: 0x00007ffe96a626b8 | b8 26 a6 96 fe 7f 00 00
stack at sp + 4 slots: 0x0000000000000010 is an unknown value
stack at sp + 5 slots: 0x00007ffe963e591f jvm.dll
stack at sp + 6 slots: 0x0000021424de4fd0 points into unknown readable memory: 0x00007ffe96a62698 | 98 26 a6 96 fe 7f 00 00
stack at sp + 7 slots: 0x000000abc24ffad0 points into unknown readable memory: 0x00007ffe96a626b8 | b8 26 a6 96 fe 7f 00 00


---------------  P R O C E S S  ---------------

Threads class SMR info:
_java_thread_list=0x00000214353e36b0, length=38, elements={
0x000002142f85ff30, 0x000002142f861270, 0x000002142f8a6ee0, 0x000002142f8a7900,
0x000002142f8a91d0, 0x000002142f8aa7d0, 0x000002142f8c1a70, 0x000002142f8c3380,
0x000002142f8ea780, 0x000002143057dbc0, 0x0000021430bc1bd0, 0x0000021430bc24a0,
0x0000021430bcdf70, 0x0000021430cb4020, 0x0000021430cb1080, 0x0000021430fa9160,
0x0000021430fa9b00, 0x0000021434a52ab0, 0x0000021434a4fa90, 0x0000021434a56470,
0x0000021434a512a0, 0x0000021434a4ec20, 0x0000021434a542c0, 0x0000021434a51770,
0x0000021434a4ff60, 0x0000021434a52110, 0x0000021434a50900, 0x0000021434a50dd0,
0x0000021434a525e0, 0x0000021434a53450, 0x0000021434a53920, 0x0000021434a53df0,
0x0000021434a54790, 0x0000021434a54c60, 0x0000021430fa9fd0, 0x0000021430fa7e20,
0x0000021430faa970, 0x0000021430fa82f0
}

Java Threads: ( => current thread )
  0x000002142f85ff30 JavaThread "Reference Handler" daemon [_thread_blocked, id=8596, stack(0x000000abc2800000,0x000000abc2900000)]
  0x000002142f861270 JavaThread "Finalizer" daemon [_thread_blocked, id=10812, stack(0x000000abc2900000,0x000000abc2a00000)]
  0x000002142f8a6ee0 JavaThread "Signal Dispatcher" daemon [_thread_blocked, id=7856, stack(0x000000abc2a00000,0x000000abc2b00000)]
  0x000002142f8a7900 JavaThread "Attach Listener" daemon [_thread_blocked, id=5740, stack(0x000000abc2b00000,0x000000abc2c00000)]
  0x000002142f8a91d0 JavaThread "Service Thread" daemon [_thread_blocked, id=7536, stack(0x000000abc2c00000,0x000000abc2d00000)]
  0x000002142f8aa7d0 JavaThread "Monitor Deflation Thread" daemon [_thread_blocked, id=3052, stack(0x000000abc2d00000,0x000000abc2e00000)]
  0x000002142f8c1a70 JavaThread "C1 CompilerThread0" daemon [_thread_blocked, id=5244, stack(0x000000abc2e00000,0x000000abc2f00000)]
  0x000002142f8c3380 JavaThread "Sweeper thread" daemon [_thread_blocked, id=7876, stack(0x000000abc2f00000,0x000000abc3000000)]
  0x000002142f8ea780 JavaThread "Common-Cleaner" daemon [_thread_blocked, id=2524, stack(0x000000abc3000000,0x000000abc3100000)]
  0x000002143057dbc0 JavaThread "Notification Thread" daemon [_thread_blocked, id=3576, stack(0x000000abc3200000,0x000000abc3300000)]
  0x0000021430bc1bd0 JavaThread "RMI TCP Accept-0" daemon [_thread_in_native, id=8180, stack(0x000000abc3100000,0x000000abc3200000)]
  0x0000021430bc24a0 JavaThread "RMI TCP Accept-61779" daemon [_thread_in_native, id=10496, stack(0x000000abc3400000,0x000000abc3500000)]
  0x0000021430bcdf70 JavaThread "RMI TCP Accept-0" daemon [_thread_in_native, id=7868, stack(0x000000abc3500000,0x000000abc3600000)]
  0x0000021430cb4020 JavaThread "RMI Scheduler(0)" daemon [_thread_blocked, id=9872, stack(0x000000abc3900000,0x000000abc3a00000)]
  0x0000021430cb1080 JavaThread "JMX server connection timeout 20" daemon [_thread_blocked, id=892, stack(0x000000abc3a00000,0x000000abc3b00000)]
  0x0000021430fa9160 JavaThread "mysql-cj-abandoned-connection-cleanup" daemon [_thread_blocked, id=7416, stack(0x000000abc4100000,0x000000abc4200000)]
  0x0000021430fa9b00 JavaThread "Live Reload Server" daemon [_thread_in_native, id=6700, stack(0x000000abc4600000,0x000000abc4700000)]
  0x0000021434a52ab0 JavaThread "DestroyJavaVM" [_thread_blocked, id=9268, stack(0x000000abc2100000,0x000000abc2200000)]
  0x0000021434a4fa90 JavaThread "Catalina-utility-1" [_thread_blocked, id=6724, stack(0x000000abc3d00000,0x000000abc3e00000)]
  0x0000021434a56470 JavaThread "Catalina-utility-2" [_thread_blocked, id=9460, stack(0x000000abc3e00000,0x000000abc3f00000)]
  0x0000021434a512a0 JavaThread "container-0" [_thread_blocked, id=10028, stack(0x000000abc3f00000,0x000000abc4000000)]
  0x0000021434a4ec20 JavaThread "HikariPool-2 housekeeper" daemon [_thread_blocked, id=5840, stack(0x000000abc4000000,0x000000abc4100000)]
  0x0000021434a542c0 JavaThread "File Watcher" daemon [_thread_blocked, id=8484, stack(0x000000abc4300000,0x000000abc4400000)]
  0x0000021434a51770 JavaThread "http-nio-8019-exec-1" daemon [_thread_blocked, id=6852, stack(0x000000abc4400000,0x000000abc4500000)]
  0x0000021434a4ff60 JavaThread "http-nio-8019-exec-2" daemon [_thread_blocked, id=1200, stack(0x000000abc4500000,0x000000abc4600000)]
  0x0000021434a52110 JavaThread "http-nio-8019-exec-3" daemon [_thread_blocked, id=11036, stack(0x000000abc4700000,0x000000abc4800000)]
  0x0000021434a50900 JavaThread "http-nio-8019-exec-4" daemon [_thread_blocked, id=10156, stack(0x000000abc4800000,0x000000abc4900000)]
  0x0000021434a50dd0 JavaThread "http-nio-8019-exec-5" daemon [_thread_blocked, id=6876, stack(0x000000abc4900000,0x000000abc4a00000)]
  0x0000021434a525e0 JavaThread "http-nio-8019-exec-6" daemon [_thread_blocked, id=8672, stack(0x000000abc4a00000,0x000000abc4b00000)]
  0x0000021434a53450 JavaThread "http-nio-8019-exec-7" daemon [_thread_blocked, id=6480, stack(0x000000abc4b00000,0x000000abc4c00000)]
  0x0000021434a53920 JavaThread "http-nio-8019-exec-8" daemon [_thread_blocked, id=11232, stack(0x000000abc4c00000,0x000000abc4d00000)]
  0x0000021434a53df0 JavaThread "http-nio-8019-exec-9" daemon [_thread_blocked, id=5600, stack(0x000000abc4d00000,0x000000abc4e00000)]
  0x0000021434a54790 JavaThread "http-nio-8019-exec-10" daemon [_thread_blocked, id=9044, stack(0x000000abc4e00000,0x000000abc4f00000)]
  0x0000021434a54c60 JavaThread "http-nio-8019-Poller" daemon [_thread_in_native, id=1468, stack(0x000000abc4f00000,0x000000abc5000000)]
  0x0000021430fa9fd0 JavaThread "http-nio-8019-Acceptor" daemon [_thread_in_native, id=9588, stack(0x000000abc5000000,0x000000abc5100000)]
  0x0000021430fa7e20 JavaThread "RMI TCP Connection(idle)" daemon [_thread_blocked, id=5720, stack(0x000000abc3c00000,0x000000abc3d00000)]
  0x0000021430faa970 JavaThread "HikariPool-2 connection closer" daemon [_thread_blocked, id=9024, stack(0x000000abc1e00000,0x000000abc1f00000)]
  0x0000021430fa82f0 JavaThread "HikariPool-2 connection adder" daemon [_thread_blocked, id=8576, stack(0x000000abc1f00000,0x000000abc2000000)]

Other Threads:
  0x0000021424e5a750 VMThread "VM Thread" [stack: 0x000000abc2700000,0x000000abc2800000] [id=4396]
  0x0000021430bc9310 WatcherThread [stack: 0x000000abc3600000,0x000000abc3700000] [id=11168]
  0x0000021424dd9670 GCTaskThread "GC Thread#0" [stack: 0x000000abc2200000,0x000000abc2300000] [id=7392]
  0x00000214307f5920 GCTaskThread "GC Thread#1" [stack: 0x000000abc3300000,0x000000abc3400000] [id=5788]
  0x0000021424de2aa0 ConcurrentGCThread "G1 Main Marker" [stack: 0x000000abc2300000,0x000000abc2400000] [id=8580]
=>0x0000021424de33c0 ConcurrentGCThread "G1 Conc#0" [stack: 0x000000abc2400000,0x000000abc2500000] [id=1412]
  0x0000021424e2a400 ConcurrentGCThread "G1 Refine#0" [stack: 0x000000abc2500000,0x000000abc2600000] [id=5816]
  0x0000021424e2cc40 ConcurrentGCThread "G1 Service" [stack: 0x000000abc2600000,0x000000abc2700000] [id=6564]

Threads with active compile tasks:

VM state: not at safepoint (normal execution)

VM Mutex/Monitor currently owned by a thread: None

Heap address: 0x00000000c0e00000, size: 1010 MB, Compressed Oops mode: 32-bit

CDS archive(s) not mapped
Compressed class space mapped at: 0x0000000100000000-0x0000000140000000, reserved size: 1073741824
Narrow klass base: 0x0000000000000000, Narrow klass shift: 3, Narrow klass range: 0x140000000

GC Precious Log:
 CPUs: 2 total, 2 available
 Memory: 4039M
 Large Page Support: Disabled
 NUMA Support: Disabled
 Compressed Oops: Enabled (32-bit)
 Heap Region Size: 1M
 Heap Min Capacity: 8M
 Heap Initial Capacity: 64M
 Heap Max Capacity: 1010M
 Pre-touch: Disabled
 Parallel Workers: 2
 Concurrent Workers: 1
 Concurrent Refinement Workers: 2
 Periodic GC: Disabled

Heap:
 garbage-first heap   total 140288K, used 38167K [0x00000000c0e00000, 0x0000000100000000)
  region size 1024K, 3 young (3072K), 1 survivors (1024K)
 Metaspace       used 78491K, committed 78976K, reserved 1122304K
  class space    used 10612K, committed 10880K, reserved 1048576K

Heap Regions: E=young(eden), S=young(survivor), O=old, HS=humongous(starts), HC=humongous(continues), CS=collection set, F=free, OA=open archive, CA=closed archive, TAMS=top-at-mark-start (previous, next)
|   0|0x00000000c0e00000, 0x00000000c0f00000, 0x00000000c0f00000|100%|HS|  |TAMS 0x00000000c0f00000, 0x00000000c0f00000| Complete 
|   1|0x00000000c0f00000, 0x00000000c0fef448, 0x00000000c1000000| 93%| O|  |TAMS 0x00000000c0fef448, 0x00000000c0fef448| Untracked 
|   2|0x00000000c1000000, 0x00000000c1100000, 0x00000000c1100000|100%| O|  |TAMS 0x00000000c1100000, 0x00000000c1100000| Untracked 
|   3|0x00000000c1100000, 0x00000000c1200000, 0x00000000c1200000|100%| O|  |TAMS 0x00000000c1200000, 0x00000000c1200000| Untracked 
|   4|0x00000000c1200000, 0x00000000c12f9e70, 0x00000000c1300000| 97%| O|  |TAMS 0x00000000c12f9e70, 0x00000000c12f9e70| Untracked 
|   5|0x00000000c1300000, 0x00000000c13ffff0, 0x00000000c1400000| 99%| O|  |TAMS 0x00000000c13ffff0, 0x00000000c13ffff0| Untracked 
|   6|0x00000000c1400000, 0x00000000c14fff88, 0x00000000c1500000| 99%| O|  |TAMS 0x00000000c14fff88, 0x00000000c14fff88| Untracked 
|   7|0x00000000c1500000, 0x00000000c15fffc0, 0x00000000c1600000| 99%| O|  |TAMS 0x00000000c15fffc0, 0x00000000c15fffc0| Untracked 
|   8|0x00000000c1600000, 0x00000000c16fffe0, 0x00000000c1700000| 99%| O|  |TAMS 0x00000000c16fffe0, 0x00000000c16fffe0| Untracked 
|   9|0x00000000c1700000, 0x00000000c17ffff8, 0x00000000c1800000| 99%| O|  |TAMS 0x00000000c17ffff8, 0x00000000c17ffff8| Untracked 
|  10|0x00000000c1800000, 0x00000000c18fffe8, 0x00000000c1900000| 99%| O|  |TAMS 0x00000000c18fffe8, 0x00000000c18fffe8| Untracked 
|  11|0x00000000c1900000, 0x00000000c19fffe0, 0x00000000c1a00000| 99%| O|  |TAMS 0x00000000c19fffe0, 0x00000000c19fffe0| Untracked 
|  12|0x00000000c1a00000, 0x00000000c1afffe8, 0x00000000c1b00000| 99%| O|  |TAMS 0x00000000c1afffe8, 0x00000000c1afffe8| Untracked 
|  13|0x00000000c1b00000, 0x00000000c1bfffb0, 0x00000000c1c00000| 99%| O|  |TAMS 0x00000000c1bfffb0, 0x00000000c1bfffb0| Untracked 
|  14|0x00000000c1c00000, 0x00000000c1cffff0, 0x00000000c1d00000| 99%| O|  |TAMS 0x00000000c1cffff0, 0x00000000c1cffff0| Untracked 
|  15|0x00000000c1d00000, 0x00000000c1e00000, 0x00000000c1e00000|100%| O|  |TAMS 0x00000000c1e00000, 0x00000000c1e00000| Untracked 
|  16|0x00000000c1e00000, 0x00000000c1f00000, 0x00000000c1f00000|100%| O|  |TAMS 0x00000000c1f00000, 0x00000000c1f00000| Untracked 
|  17|0x00000000c1f00000, 0x00000000c2000000, 0x00000000c2000000|100%| O|  |TAMS 0x00000000c2000000, 0x00000000c2000000| Untracked 
|  18|0x00000000c2000000, 0x00000000c20ffff8, 0x00000000c2100000| 99%| O|  |TAMS 0x00000000c20ffff8, 0x00000000c20ffff8| Untracked 
|  19|0x00000000c2100000, 0x00000000c2200000, 0x00000000c2200000|100%| O|  |TAMS 0x00000000c2200000, 0x00000000c2200000| Untracked 
|  20|0x00000000c2200000, 0x00000000c22b6000, 0x00000000c2300000| 71%| O|  |TAMS 0x00000000c22b6000, 0x00000000c22b6000| Untracked 
|  21|0x00000000c2300000, 0x00000000c23fea68, 0x00000000c2400000| 99%| O|  |TAMS 0x00000000c23fea68, 0x00000000c23fea68| Untracked 
|  22|0x00000000c2400000, 0x00000000c2400000, 0x00000000c2500000|  0%| F|  |TAMS 0x00000000c2400000, 0x00000000c2400000| Untracked 
|  23|0x00000000c2500000, 0x00000000c2500000, 0x00000000c2600000|  0%| F|  |TAMS 0x00000000c2500000, 0x00000000c2500000| Untracked 
|  24|0x00000000c2600000, 0x00000000c26fffd0, 0x00000000c2700000| 99%| O|  |TAMS 0x00000000c26fffd0, 0x00000000c26fffd0| Untracked 
|  25|0x00000000c2700000, 0x00000000c2800000, 0x00000000c2800000|100%| O|  |TAMS 0x00000000c2800000, 0x00000000c2800000| Untracked 
|  26|0x00000000c2800000, 0x00000000c28bd9c0, 0x00000000c2900000| 74%| O|  |TAMS 0x00000000c28bd9c0, 0x00000000c28bd9c0| Untracked 
|  27|0x00000000c2900000, 0x00000000c2900000, 0x00000000c2a00000|  0%| F|  |TAMS 0x00000000c2900000, 0x00000000c2900000| Untracked 
|  28|0x00000000c2a00000, 0x00000000c2a00000, 0x00000000c2b00000|  0%| F|  |TAMS 0x00000000c2a00000, 0x00000000c2a00000| Untracked 
|  29|0x00000000c2b00000, 0x00000000c2b00000, 0x00000000c2c00000|  0%| F|  |TAMS 0x00000000c2b00000, 0x00000000c2b00000| Untracked 
|  30|0x00000000c2c00000, 0x00000000c2d00000, 0x00000000c2d00000|100%| O|  |TAMS 0x00000000c2d00000, 0x00000000c2d00000| Untracked 
|  31|0x00000000c2d00000, 0x00000000c2d00000, 0x00000000c2e00000|  0%| F|  |TAMS 0x00000000c2d00000, 0x00000000c2d00000| Untracked 
|  32|0x00000000c2e00000, 0x00000000c2f00000, 0x00000000c2f00000|100%| O|  |TAMS 0x00000000c2f00000, 0x00000000c2f00000| Untracked 
|  33|0x00000000c2f00000, 0x00000000c3000000, 0x00000000c3000000|100%| O|  |TAMS 0x00000000c3000000, 0x00000000c3000000| Untracked 
|  34|0x00000000c3000000, 0x00000000c3000000, 0x00000000c3100000|  0%| F|  |TAMS 0x00000000c3000000, 0x00000000c3000000| Untracked 
|  35|0x00000000c3100000, 0x00000000c3100000, 0x00000000c3200000|  0%| F|  |TAMS 0x00000000c3100000, 0x00000000c3100000| Untracked 
|  36|0x00000000c3200000, 0x00000000c326a600, 0x00000000c3300000| 41%| O|  |TAMS 0x00000000c324e600, 0x00000000c326a600| Untracked 
|  37|0x00000000c3300000, 0x00000000c3300000, 0x00000000c3400000|  0%| F|  |TAMS 0x00000000c3300000, 0x00000000c3300000| Untracked 
|  38|0x00000000c3400000, 0x00000000c3400000, 0x00000000c3500000|  0%| F|  |TAMS 0x00000000c3400000, 0x00000000c3400000| Untracked 
|  39|0x00000000c3500000, 0x00000000c3500000, 0x00000000c3600000|  0%| F|  |TAMS 0x00000000c3500000, 0x00000000c3500000| Untracked 
|  40|0x00000000c3600000, 0x00000000c3600000, 0x00000000c3700000|  0%| F|  |TAMS 0x00000000c3600000, 0x00000000c3600000| Untracked 
|  41|0x00000000c3700000, 0x00000000c3700000, 0x00000000c3800000|  0%| F|  |TAMS 0x00000000c3700000, 0x00000000c3700000| Untracked 
|  42|0x00000000c3800000, 0x00000000c3900000, 0x00000000c3900000|100%| O|  |TAMS 0x00000000c3900000, 0x00000000c3900000| Untracked 
|  43|0x00000000c3900000, 0x00000000c3a00000, 0x00000000c3a00000|100%| O|  |TAMS 0x00000000c3a00000, 0x00000000c3a00000| Untracked 
|  44|0x00000000c3a00000, 0x00000000c3b00000, 0x00000000c3b00000|100%| O|  |TAMS 0x00000000c3b00000, 0x00000000c3b00000| Untracked 
|  45|0x00000000c3b00000, 0x00000000c3b00000, 0x00000000c3c00000|  0%| F|  |TAMS 0x00000000c3b00000, 0x00000000c3b00000| Untracked 
|  46|0x00000000c3c00000, 0x00000000c3d00000, 0x00000000c3d00000|100%| O|  |TAMS 0x00000000c3d00000, 0x00000000c3d00000| Untracked 
|  47|0x00000000c3d00000, 0x00000000c3d00000, 0x00000000c3e00000|  0%| F|  |TAMS 0x00000000c3d00000, 0x00000000c3d00000| Untracked 
|  48|0x00000000c3e00000, 0x00000000c3e00000, 0x00000000c3f00000|  0%| F|  |TAMS 0x00000000c3e00000, 0x00000000c3e00000| Untracked 
|  49|0x00000000c3f00000, 0x00000000c3f00000, 0x00000000c4000000|  0%| F|  |TAMS 0x00000000c3f00000, 0x00000000c3f00000| Untracked 
|  50|0x00000000c4000000, 0x00000000c4000000, 0x00000000c4100000|  0%| F|  |TAMS 0x00000000c4000000, 0x00000000c4000000| Untracked 
|  51|0x00000000c4100000, 0x00000000c4100000, 0x00000000c4200000|  0%| F|  |TAMS 0x00000000c4100000, 0x00000000c4100000| Untracked 
|  52|0x00000000c4200000, 0x00000000c4200000, 0x00000000c4300000|  0%| F|  |TAMS 0x00000000c4200000, 0x00000000c4200000| Untracked 
|  53|0x00000000c4300000, 0x00000000c4300000, 0x00000000c4400000|  0%| F|  |TAMS 0x00000000c4300000, 0x00000000c4300000| Untracked 
|  54|0x00000000c4400000, 0x00000000c4400000, 0x00000000c4500000|  0%| F|  |TAMS 0x00000000c4400000, 0x00000000c4400000| Untracked 
|  55|0x00000000c4500000, 0x00000000c4500000, 0x00000000c4600000|  0%| F|  |TAMS 0x00000000c4500000, 0x00000000c4500000| Untracked 
|  56|0x00000000c4600000, 0x00000000c4600000, 0x00000000c4700000|  0%| F|  |TAMS 0x00000000c4600000, 0x00000000c4600000| Untracked 
|  57|0x00000000c4700000, 0x00000000c4700000, 0x00000000c4800000|  0%| F|  |TAMS 0x00000000c4700000, 0x00000000c4700000| Untracked 
|  58|0x00000000c4800000, 0x00000000c4800000, 0x00000000c4900000|  0%| F|  |TAMS 0x00000000c4800000, 0x00000000c4800000| Untracked 
|  59|0x00000000c4900000, 0x00000000c4900000, 0x00000000c4a00000|  0%| F|  |TAMS 0x00000000c4900000, 0x00000000c4900000| Untracked 
|  60|0x00000000c4a00000, 0x00000000c4a00000, 0x00000000c4b00000|  0%| F|  |TAMS 0x00000000c4a00000, 0x00000000c4a00000| Untracked 
|  61|0x00000000c4b00000, 0x00000000c4b00000, 0x00000000c4c00000|  0%| F|  |TAMS 0x00000000c4b00000, 0x00000000c4b00000| Untracked 
|  62|0x00000000c4c00000, 0x00000000c4c80170, 0x00000000c4d00000| 50%| S|CS|TAMS 0x00000000c4c00000, 0x00000000c4c00000| Complete 
|  63|0x00000000c4d00000, 0x00000000c4e00000, 0x00000000c4e00000|100%| O|  |TAMS 0x00000000c4e00000, 0x00000000c4e00000| Untracked 
|  64|0x00000000c4e00000, 0x00000000c4f00000, 0x00000000c4f00000|100%| O|  |TAMS 0x00000000c4f00000, 0x00000000c4f00000| Untracked 
|  65|0x00000000c4f00000, 0x00000000c5000000, 0x00000000c5000000|100%| O|  |TAMS 0x00000000c5000000, 0x00000000c5000000| Untracked 
|  66|0x00000000c5000000, 0x00000000c5100000, 0x00000000c5100000|100%| O|  |TAMS 0x00000000c5100000, 0x00000000c5100000| Untracked 
|  67|0x00000000c5100000, 0x00000000c5100000, 0x00000000c5200000|  0%| F|  |TAMS 0x00000000c5100000, 0x00000000c5100000| Untracked 
|  68|0x00000000c5200000, 0x00000000c5200000, 0x00000000c5300000|  0%| F|  |TAMS 0x00000000c5200000, 0x00000000c5200000| Untracked 
|  69|0x00000000c5300000, 0x00000000c5300000, 0x00000000c5400000|  0%| F|  |TAMS 0x00000000c5300000, 0x00000000c5300000| Untracked 
|  70|0x00000000c5400000, 0x00000000c5400000, 0x00000000c5500000|  0%| F|  |TAMS 0x00000000c5400000, 0x00000000c5400000| Untracked 
|  71|0x00000000c5500000, 0x00000000c5500000, 0x00000000c5600000|  0%| F|  |TAMS 0x00000000c5500000, 0x00000000c5500000| Untracked 
|  72|0x00000000c5600000, 0x00000000c5600000, 0x00000000c5700000|  0%| F|  |TAMS 0x00000000c5600000, 0x00000000c5600000| Untracked 
|  73|0x00000000c5700000, 0x00000000c5700000, 0x00000000c5800000|  0%| F|  |TAMS 0x00000000c5700000, 0x00000000c5700000| Untracked 
|  74|0x00000000c5800000, 0x00000000c5800000, 0x00000000c5900000|  0%| F|  |TAMS 0x00000000c5800000, 0x00000000c5800000| Untracked 
|  75|0x00000000c5900000, 0x00000000c5900000, 0x00000000c5a00000|  0%| F|  |TAMS 0x00000000c5900000, 0x00000000c5900000| Untracked 
|  76|0x00000000c5a00000, 0x00000000c5a00000, 0x00000000c5b00000|  0%| F|  |TAMS 0x00000000c5a00000, 0x00000000c5a00000| Untracked 
|  77|0x00000000c5b00000, 0x00000000c5b00000, 0x00000000c5c00000|  0%| F|  |TAMS 0x00000000c5b00000, 0x00000000c5b00000| Untracked 
|  78|0x00000000c5c00000, 0x00000000c5c00000, 0x00000000c5d00000|  0%| F|  |TAMS 0x00000000c5c00000, 0x00000000c5c00000| Untracked 
|  79|0x00000000c5d00000, 0x00000000c5d00000, 0x00000000c5e00000|  0%| F|  |TAMS 0x00000000c5d00000, 0x00000000c5d00000| Untracked 
|  80|0x00000000c5e00000, 0x00000000c5e00000, 0x00000000c5f00000|  0%| F|  |TAMS 0x00000000c5e00000, 0x00000000c5e00000| Untracked 
|  81|0x00000000c5f00000, 0x00000000c5f00000, 0x00000000c6000000|  0%| F|  |TAMS 0x00000000c5f00000, 0x00000000c5f00000| Untracked 
|  82|0x00000000c6000000, 0x00000000c6000000, 0x00000000c6100000|  0%| F|  |TAMS 0x00000000c6000000, 0x00000000c6000000| Untracked 
|  83|0x00000000c6100000, 0x00000000c6100000, 0x00000000c6200000|  0%| F|  |TAMS 0x00000000c6100000, 0x00000000c6100000| Untracked 
|  84|0x00000000c6200000, 0x00000000c6200000, 0x00000000c6300000|  0%| F|  |TAMS 0x00000000c6200000, 0x00000000c6200000| Untracked 
|  85|0x00000000c6300000, 0x00000000c6300000, 0x00000000c6400000|  0%| F|  |TAMS 0x00000000c6300000, 0x00000000c6300000| Untracked 
|  86|0x00000000c6400000, 0x00000000c6400000, 0x00000000c6500000|  0%| F|  |TAMS 0x00000000c6400000, 0x00000000c6400000| Untracked 
|  87|0x00000000c6500000, 0x00000000c6500000, 0x00000000c6600000|  0%| F|  |TAMS 0x00000000c6500000, 0x00000000c6500000| Untracked 
|  88|0x00000000c6600000, 0x00000000c6600000, 0x00000000c6700000|  0%| F|  |TAMS 0x00000000c6600000, 0x00000000c6600000| Untracked 
|  89|0x00000000c6700000, 0x00000000c6700000, 0x00000000c6800000|  0%| F|  |TAMS 0x00000000c6700000, 0x00000000c6700000| Untracked 
|  90|0x00000000c6800000, 0x00000000c6800000, 0x00000000c6900000|  0%| F|  |TAMS 0x00000000c6800000, 0x00000000c6800000| Untracked 
|  91|0x00000000c6900000, 0x00000000c6900000, 0x00000000c6a00000|  0%| F|  |TAMS 0x00000000c6900000, 0x00000000c6900000| Untracked 
|  92|0x00000000c6a00000, 0x00000000c6a00000, 0x00000000c6b00000|  0%| F|  |TAMS 0x00000000c6a00000, 0x00000000c6a00000| Untracked 
|  93|0x00000000c6b00000, 0x00000000c6b00000, 0x00000000c6c00000|  0%| F|  |TAMS 0x00000000c6b00000, 0x00000000c6b00000| Untracked 
|  94|0x00000000c6c00000, 0x00000000c6c00000, 0x00000000c6d00000|  0%| F|  |TAMS 0x00000000c6c00000, 0x00000000c6c00000| Untracked 
|  95|0x00000000c6d00000, 0x00000000c6d00000, 0x00000000c6e00000|  0%| F|  |TAMS 0x00000000c6d00000, 0x00000000c6d00000| Untracked 
|  96|0x00000000c6e00000, 0x00000000c6e00000, 0x00000000c6f00000|  0%| F|  |TAMS 0x00000000c6e00000, 0x00000000c6e00000| Untracked 
|  97|0x00000000c6f00000, 0x00000000c6f00000, 0x00000000c7000000|  0%| F|  |TAMS 0x00000000c6f00000, 0x00000000c6f00000| Untracked 
|  98|0x00000000c7000000, 0x00000000c7000000, 0x00000000c7100000|  0%| F|  |TAMS 0x00000000c7000000, 0x00000000c7000000| Untracked 
|  99|0x00000000c7100000, 0x00000000c7100000, 0x00000000c7200000|  0%| F|  |TAMS 0x00000000c7100000, 0x00000000c7100000| Untracked 
| 100|0x00000000c7200000, 0x00000000c7200000, 0x00000000c7300000|  0%| F|  |TAMS 0x00000000c7200000, 0x00000000c7200000| Untracked 
| 101|0x00000000c7300000, 0x00000000c7300000, 0x00000000c7400000|  0%| F|  |TAMS 0x00000000c7300000, 0x00000000c7300000| Untracked 
| 102|0x00000000c7400000, 0x00000000c7400000, 0x00000000c7500000|  0%| F|  |TAMS 0x00000000c7400000, 0x00000000c7400000| Untracked 
| 103|0x00000000c7500000, 0x00000000c7500000, 0x00000000c7600000|  0%| F|  |TAMS 0x00000000c7500000, 0x00000000c7500000| Untracked 
| 104|0x00000000c7600000, 0x00000000c7600000, 0x00000000c7700000|  0%| F|  |TAMS 0x00000000c7600000, 0x00000000c7600000| Untracked 
| 105|0x00000000c7700000, 0x00000000c7700000, 0x00000000c7800000|  0%| F|  |TAMS 0x00000000c7700000, 0x00000000c7700000| Untracked 
| 106|0x00000000c7800000, 0x00000000c7800000, 0x00000000c7900000|  0%| F|  |TAMS 0x00000000c7800000, 0x00000000c7800000| Untracked 
| 107|0x00000000c7900000, 0x00000000c7900000, 0x00000000c7a00000|  0%| F|  |TAMS 0x00000000c7900000, 0x00000000c7900000| Untracked 
| 108|0x00000000c7a00000, 0x00000000c7a00000, 0x00000000c7b00000|  0%| F|  |TAMS 0x00000000c7a00000, 0x00000000c7a00000| Untracked 
| 109|0x00000000c7b00000, 0x00000000c7b00000, 0x00000000c7c00000|  0%| F|  |TAMS 0x00000000c7b00000, 0x00000000c7b00000| Untracked 
| 110|0x00000000c7c00000, 0x00000000c7c00000, 0x00000000c7d00000|  0%| F|  |TAMS 0x00000000c7c00000, 0x00000000c7c00000| Untracked 
| 111|0x00000000c7d00000, 0x00000000c7d00000, 0x00000000c7e00000|  0%| F|  |TAMS 0x00000000c7d00000, 0x00000000c7d00000| Untracked 
| 112|0x00000000c7e00000, 0x00000000c7e00000, 0x00000000c7f00000|  0%| F|  |TAMS 0x00000000c7e00000, 0x00000000c7e00000| Untracked 
| 113|0x00000000c7f00000, 0x00000000c7f00000, 0x00000000c8000000|  0%| F|  |TAMS 0x00000000c7f00000, 0x00000000c7f00000| Untracked 
| 114|0x00000000c8000000, 0x00000000c8000000, 0x00000000c8100000|  0%| F|  |TAMS 0x00000000c8000000, 0x00000000c8000000| Untracked 
| 115|0x00000000c8100000, 0x00000000c8100000, 0x00000000c8200000|  0%| F|  |TAMS 0x00000000c8100000, 0x00000000c8100000| Untracked 
| 116|0x00000000c8200000, 0x00000000c8200000, 0x00000000c8300000|  0%| F|  |TAMS 0x00000000c8200000, 0x00000000c8200000| Untracked 
| 117|0x00000000c8300000, 0x00000000c8300000, 0x00000000c8400000|  0%| F|  |TAMS 0x00000000c8300000, 0x00000000c8300000| Untracked 
| 118|0x00000000c8400000, 0x00000000c8400000, 0x00000000c8500000|  0%| F|  |TAMS 0x00000000c8400000, 0x00000000c8400000| Untracked 
| 119|0x00000000c8500000, 0x00000000c8500000, 0x00000000c8600000|  0%| F|  |TAMS 0x00000000c8500000, 0x00000000c8500000| Untracked 
| 120|0x00000000c8600000, 0x00000000c8600000, 0x00000000c8700000|  0%| F|  |TAMS 0x00000000c8600000, 0x00000000c8600000| Untracked 
| 121|0x00000000c8700000, 0x00000000c8700000, 0x00000000c8800000|  0%| F|  |TAMS 0x00000000c8700000, 0x00000000c8700000| Untracked 
| 122|0x00000000c8800000, 0x00000000c8800000, 0x00000000c8900000|  0%| F|  |TAMS 0x00000000c8800000, 0x00000000c8800000| Untracked 
| 123|0x00000000c8900000, 0x00000000c8900000, 0x00000000c8a00000|  0%| F|  |TAMS 0x00000000c8900000, 0x00000000c8900000| Untracked 
| 124|0x00000000c8a00000, 0x00000000c8a00000, 0x00000000c8b00000|  0%| F|  |TAMS 0x00000000c8a00000, 0x00000000c8a00000| Untracked 
| 125|0x00000000c8b00000, 0x00000000c8b00000, 0x00000000c8c00000|  0%| F|  |TAMS 0x00000000c8b00000, 0x00000000c8b00000| Untracked 
| 126|0x00000000c8c00000, 0x00000000c8c00000, 0x00000000c8d00000|  0%| F|  |TAMS 0x00000000c8c00000, 0x00000000c8c00000| Untracked 
| 127|0x00000000c8d00000, 0x00000000c8d00000, 0x00000000c8e00000|  0%| F|  |TAMS 0x00000000c8d00000, 0x00000000c8d00000| Untracked 
| 128|0x00000000c8e00000, 0x00000000c8e00000, 0x00000000c8f00000|  0%| F|  |TAMS 0x00000000c8e00000, 0x00000000c8e00000| Untracked 
| 129|0x00000000c8f00000, 0x00000000c8f00000, 0x00000000c9000000|  0%| F|  |TAMS 0x00000000c8f00000, 0x00000000c8f00000| Untracked 
| 130|0x00000000c9000000, 0x00000000c9000000, 0x00000000c9100000|  0%| F|  |TAMS 0x00000000c9000000, 0x00000000c9000000| Untracked 
| 131|0x00000000c9100000, 0x00000000c9100000, 0x00000000c9200000|  0%| F|  |TAMS 0x00000000c9100000, 0x00000000c9100000| Untracked 
| 132|0x00000000c9200000, 0x00000000c9200000, 0x00000000c9300000|  0%| F|  |TAMS 0x00000000c9200000, 0x00000000c9200000| Untracked 
| 133|0x00000000c9300000, 0x00000000c9300000, 0x00000000c9400000|  0%| F|  |TAMS 0x00000000c9300000, 0x00000000c9300000| Untracked 
| 134|0x00000000c9400000, 0x00000000c9400000, 0x00000000c9500000|  0%| F|  |TAMS 0x00000000c9400000, 0x00000000c9400000| Untracked 
| 136|0x00000000c9600000, 0x00000000c96f3380, 0x00000000c9700000| 95%| E|  |TAMS 0x00000000c9600000, 0x00000000c9600000| Complete 
|1009|0x00000000fff00000, 0x0000000100000000, 0x0000000100000000|100%| E|CS|TAMS 0x00000000fff00000, 0x00000000fff00000| Complete 

Card table byte_map: [0x00000214249f0000,0x0000021424bf0000] _byte_map_base: 0x00000214243e9000

Marking Bits (Prev, Next): (CMBitMap*) 0x0000021424dd9bd0, (CMBitMap*) 0x0000021424dd9b90
 Prev Bits: [0x000002142c630000, 0x000002142d5f8000)
 Next Bits: [0x000002142b660000, 0x000002142c628000)

Polling page: 0x0000021422b60000

Metaspace:

Usage:
  Non-class:     66.29 MB used.
      Class:     10.36 MB used.
       Both:     76.65 MB used.

Virtual space:
  Non-class space:       72.00 MB reserved,      66.50 MB ( 92%) committed,  9 nodes.
      Class space:        1.00 GB reserved,      10.62 MB (  1%) committed,  1 nodes.
             Both:        1.07 GB reserved,      77.12 MB (  7%) committed. 

Chunk freelists:
   Non-Class:  846.00 KB
       Class:  1.35 MB
        Both:  2.17 MB

MaxMetaspaceSize: unlimited
CompressedClassSpaceSize: 1.00 GB
Initial GC threshold: 21.00 MB
Current GC threshold: 128.38 MB
CDS: off
MetaspaceReclaimPolicy: balanced
 - commit_granule_bytes: 65536.
 - commit_granule_words: 8192.
 - virtual_space_node_default_size: 1048576.
 - enlarge_chunks_in_place: 1.
 - new_chunks_are_fully_committed: 0.
 - uncommit_free_chunks: 1.
 - use_allocation_guard: 0.
 - handle_deallocations: 1.


Internal statistics:

num_allocs_failed_limit: 9.
num_arena_births: 870.
num_arena_deaths: 322.
num_vsnodes_births: 10.
num_vsnodes_deaths: 0.
num_space_committed: 1234.
num_space_uncommitted: 0.
num_chunks_returned_to_freelist: 449.
num_chunks_taken_from_freelist: 3583.
num_chunk_merges: 113.
num_chunk_splits: 2306.
num_chunks_enlarged: 1709.
num_purges: 28.
num_inconsistent_stats: 0.

CodeCache: size=49152Kb used=22151Kb max_used=22151Kb free=27000Kb
 bounds [0x0000021428460000, 0x0000021429a10000, 0x000002142b460000]
 total_blobs=13238 nmethods=12529 adapters=635
 compilation: enabled
              stopped_count=0, restarted_count=0
 full_count=0

Compilation events (20 events):
Event: 2178.483 Thread 0x000002142f8c1a70 12521       1       sun.security.util.MemoryCache::emptyQueue (93 bytes)
Event: 2178.484 Thread 0x000002142f8c1a70 nmethod 12521 0x00000214299fcf10 code [0x00000214299fd100, 0x00000214299fd4f8]
Event: 2178.486 Thread 0x000002142f8c1a70 12522       1       com.mysql.cj.protocol.a.NativeProtocol::versionMeetsMinimum (21 bytes)
Event: 2178.487 Thread 0x000002142f8c1a70 nmethod 12522 0x00000214299fd710 code [0x00000214299fd8c0, 0x00000214299fda78]
Event: 2178.487 Thread 0x000002142f8c1a70 12523       1       com.mysql.cj.conf.IntegerPropertyDefinition::isRangeBased (17 bytes)
Event: 2178.488 Thread 0x000002142f8c1a70 nmethod 12523 0x00000214299fdc10 code [0x00000214299fdda0, 0x00000214299fde78]
Event: 2190.470 Thread 0x000002142f8c1a70 12524       1       sun.security.ssl.ContentType::values (10 bytes)
Event: 2190.471 Thread 0x000002142f8c1a70 nmethod 12524 0x00000214299fdf10 code [0x00000214299fe0a0, 0x00000214299fe1a8]
Event: 2190.471 Thread 0x000002142f8c1a70 12526       1       sun.security.ssl.ContentType::valueOf (39 bytes)
Event: 2190.471 Thread 0x000002142f8c1a70 nmethod 12526 0x00000214299fe290 code [0x00000214299fe440, 0x00000214299fe5c8]
Event: 2190.471 Thread 0x000002142f8c1a70 12525       1       sun.security.ssl.TransportContext::dispatch (352 bytes)
Event: 2190.474 Thread 0x000002142f8c1a70 nmethod 12525 0x00000214299fe710 code [0x00000214299feb00, 0x00000214299ffc78]
Event: 2190.474 Thread 0x000002142f8c1a70 12527       1       sun.security.ssl.HandshakeHash$T13HandshakeHash::update (13 bytes)
Event: 2190.474 Thread 0x000002142f8c1a70 nmethod 12527 0x0000021429a00590 code [0x0000021429a00720, 0x0000021429a00808]
Event: 2190.474 Thread 0x000002142f8c1a70 12528       1       sun.security.ssl.HandshakeHash$CloneableHash::update (11 bytes)
Event: 2190.474 Thread 0x000002142f8c1a70 nmethod 12528 0x0000021429a00890 code [0x0000021429a00a20, 0x0000021429a00b08]
Event: 2190.474 Thread 0x000002142f8c1a70 12529   !   1       sun.security.ssl.SSLSecretDerivation::createHkdfInfo (53 bytes)
Event: 2190.475 Thread 0x000002142f8c1a70 nmethod 12529 0x0000021429a00c10 code [0x0000021429a00e20, 0x0000021429a013f8]
Event: 2190.500 Thread 0x000002142f8c1a70 12530       1       com.mysql.cj.protocol.a.NativeServerSession::getServerVariable (14 bytes)
Event: 2190.501 Thread 0x000002142f8c1a70 nmethod 12530 0x0000021429a01990 code [0x0000021429a01b20, 0x0000021429a01c48]

GC Heap History (20 events):
Event: 1542.945 GC heap before
{Heap before GC invocations=176 (full 1):
 garbage-first heap   total 140288K, used 58529K [0x00000000c0e00000, 0x0000000100000000)
  region size 1024K, 7 young (7168K), 1 survivors (1024K)
 Metaspace       used 78472K, committed 78976K, reserved 1122304K
  class space    used 10609K, committed 10880K, reserved 1048576K
}
Event: 1542.947 GC heap after
{Heap after GC invocations=177 (full 1):
 garbage-first heap   total 140288K, used 55212K [0x00000000c0e00000, 0x0000000100000000)
  region size 1024K, 2 young (2048K), 2 survivors (2048K)
 Metaspace       used 78472K, committed 78976K, reserved 1122304K
  class space    used 10609K, committed 10880K, reserved 1048576K
}
Event: 1583.170 GC heap before
{Heap before GC invocations=178 (full 1):
 garbage-first heap   total 140288K, used 126892K [0x00000000c0e00000, 0x0000000100000000)
  region size 1024K, 33 young (33792K), 2 survivors (2048K)
 Metaspace       used 78472K, committed 78976K, reserved 1122304K
  class space    used 10609K, committed 10880K, reserved 1048576K
}
Event: 1583.177 GC heap after
{Heap after GC invocations=179 (full 1):
 garbage-first heap   total 140288K, used 57730K [0x00000000c0e00000, 0x0000000100000000)
  region size 1024K, 5 young (5120K), 5 survivors (5120K)
 Metaspace       used 78472K, committed 78976K, reserved 1122304K
  class space    used 10609K, committed 10880K, reserved 1048576K
}
Event: 1583.180 GC heap before
{Heap before GC invocations=179 (full 1):
 garbage-first heap   total 140288K, used 57730K [0x00000000c0e00000, 0x0000000100000000)
  region size 1024K, 6 young (6144K), 5 survivors (5120K)
 Metaspace       used 78472K, committed 78976K, reserved 1122304K
  class space    used 10609K, committed 10880K, reserved 1048576K
}
Event: 1583.183 GC heap after
{Heap after GC invocations=180 (full 1):
 garbage-first heap   total 140288K, used 49362K [0x00000000c0e00000, 0x0000000100000000)
  region size 1024K, 1 young (1024K), 1 survivors (1024K)
 Metaspace       used 78472K, committed 78976K, reserved 1122304K
  class space    used 10609K, committed 10880K, reserved 1048576K
}
Event: 1583.286 GC heap before
{Heap before GC invocations=180 (full 1):
 garbage-first heap   total 140288K, used 52434K [0x00000000c0e00000, 0x0000000100000000)
  region size 1024K, 6 young (6144K), 1 survivors (1024K)
 Metaspace       used 78472K, committed 78976K, reserved 1122304K
  class space    used 10609K, committed 10880K, reserved 1048576K
}
Event: 1583.288 GC heap after
{Heap after GC invocations=181 (full 1):
 garbage-first heap   total 140288K, used 50252K [0x00000000c0e00000, 0x0000000100000000)
  region size 1024K, 2 young (2048K), 2 survivors (2048K)
 Metaspace       used 78472K, committed 78976K, reserved 1122304K
  class space    used 10609K, committed 10880K, reserved 1048576K
}
Event: 1598.886 GC heap before
{Heap before GC invocations=182 (full 1):
 garbage-first heap   total 140288K, used 127052K [0x00000000c0e00000, 0x0000000100000000)
  region size 1024K, 35 young (35840K), 2 survivors (2048K)
 Metaspace       used 78472K, committed 78976K, reserved 1122304K
  class space    used 10609K, committed 10880K, reserved 1048576K
}
Event: 1598.888 GC heap after
{Heap after GC invocations=183 (full 1):
 garbage-first heap   total 140288K, used 44080K [0x00000000c0e00000, 0x0000000100000000)
  region size 1024K, 2 young (2048K), 2 survivors (2048K)
 Metaspace       used 78472K, committed 78976K, reserved 1122304K
  class space    used 10609K, committed 10880K, reserved 1048576K
}
Event: 1607.451 GC heap before
{Heap before GC invocations=183 (full 1):
 garbage-first heap   total 140288K, used 51248K [0x00000000c0e00000, 0x0000000100000000)
  region size 1024K, 6 young (6144K), 2 survivors (2048K)
 Metaspace       used 78482K, committed 78976K, reserved 1122304K
  class space    used 10611K, committed 10880K, reserved 1048576K
}
Event: 1607.455 GC heap after
{Heap after GC invocations=184 (full 1):
 garbage-first heap   total 140288K, used 48806K [0x00000000c0e00000, 0x0000000100000000)
  region size 1024K, 1 young (1024K), 1 survivors (1024K)
 Metaspace       used 78482K, committed 78976K, reserved 1122304K
  class space    used 10611K, committed 10880K, reserved 1048576K
}
Event: 1607.463 GC heap before
{Heap before GC invocations=184 (full 1):
 garbage-first heap   total 140288K, used 48806K [0x00000000c0e00000, 0x0000000100000000)
  region size 1024K, 2 young (2048K), 1 survivors (1024K)
 Metaspace       used 78482K, committed 78976K, reserved 1122304K
  class space    used 10611K, committed 10880K, reserved 1048576K
}
Event: 1607.466 GC heap after
{Heap after GC invocations=185 (full 1):
 garbage-first heap   total 140288K, used 48757K [0x00000000c0e00000, 0x0000000100000000)
  region size 1024K, 1 young (1024K), 1 survivors (1024K)
 Metaspace       used 78482K, committed 78976K, reserved 1122304K
  class space    used 10611K, committed 10880K, reserved 1048576K
}
Event: 1840.148 GC heap before
{Heap before GC invocations=186 (full 1):
 garbage-first heap   total 140288K, used 123509K [0x00000000c0e00000, 0x0000000100000000)
  region size 1024K, 57 young (58368K), 1 survivors (1024K)
 Metaspace       used 78482K, committed 78976K, reserved 1122304K
  class space    used 10611K, committed 10880K, reserved 1048576K
}
Event: 1840.152 GC heap after
{Heap after GC invocations=187 (full 1):
 garbage-first heap   total 140288K, used 42759K [0x00000000c0e00000, 0x0000000100000000)
  region size 1024K, 1 young (1024K), 1 survivors (1024K)
 Metaspace       used 78482K, committed 78976K, reserved 1122304K
  class space    used 10611K, committed 10880K, reserved 1048576K
}
Event: 1867.814 GC heap before
{Heap before GC invocations=187 (full 1):
 garbage-first heap   total 140288K, used 47879K [0x00000000c0e00000, 0x0000000100000000)
  region size 1024K, 6 young (6144K), 1 survivors (1024K)
 Metaspace       used 78482K, committed 78976K, reserved 1122304K
  class space    used 10611K, committed 10880K, reserved 1048576K
}
Event: 1867.818 GC heap after
{Heap after GC invocations=188 (full 1):
 garbage-first heap   total 140288K, used 36693K [0x00000000c0e00000, 0x0000000100000000)
  region size 1024K, 1 young (1024K), 1 survivors (1024K)
 Metaspace       used 78482K, committed 78976K, reserved 1122304K
  class space    used 10611K, committed 10880K, reserved 1048576K
}
Event: 2190.370 GC heap before
{Heap before GC invocations=188 (full 1):
 garbage-first heap   total 140288K, used 107349K [0x00000000c0e00000, 0x0000000100000000)
  region size 1024K, 70 young (71680K), 1 survivors (1024K)
 Metaspace       used 78491K, committed 78976K, reserved 1122304K
  class space    used 10612K, committed 10880K, reserved 1048576K
}
Event: 2190.376 GC heap after
{Heap after GC invocations=189 (full 1):
 garbage-first heap   total 140288K, used 37143K [0x00000000c0e00000, 0x0000000100000000)
  region size 1024K, 1 young (1024K), 1 survivors (1024K)
 Metaspace       used 78491K, committed 78976K, reserved 1122304K
  class space    used 10612K, committed 10880K, reserved 1048576K
}

Deoptimization events (10 events):
Event: 11.598 Thread 0x0000021430faae40 DEOPT PACKING pc=0x0000021428924d99 sp=0x000000abc3dfc150
Event: 11.598 Thread 0x0000021430faae40 DEOPT UNPACKING pc=0x00000214284b2b24 sp=0x000000abc3dfb630 mode 3
Event: 15.033 Thread 0x0000021430faae40 DEOPT PACKING pc=0x000002142893ee14 sp=0x000000abc3dfca80
Event: 15.033 Thread 0x0000021430faae40 DEOPT UNPACKING pc=0x00000214284b2b24 sp=0x000000abc3dfbfd8 mode 0
Event: 18.369 Thread 0x0000021430faae40 DEOPT PACKING pc=0x0000021428bb9a7d sp=0x000000abc3dfc560
Event: 18.369 Thread 0x0000021430faae40 DEOPT UNPACKING pc=0x00000214284b2b24 sp=0x000000abc3dfbac8 mode 3
Event: 28.139 Thread 0x0000021430faae40 DEOPT PACKING pc=0x0000021428fa7699 sp=0x000000abc3dfb4d0
Event: 28.139 Thread 0x0000021430faae40 DEOPT UNPACKING pc=0x00000214284b2b24 sp=0x000000abc3dfa9b0 mode 3
Event: 398.647 Thread 0x0000021434a52f80 DEOPT PACKING pc=0x0000021428916852 sp=0x000000abc3cfd300
Event: 398.647 Thread 0x0000021434a52f80 DEOPT UNPACKING pc=0x00000214284b2b24 sp=0x000000abc3cfc808 mode 3

Classes unloaded (20 events):
Event: 774.294 Thread 0x0000021424e5a750 Unloading class 0x00000001002a8c00 'jdk/internal/reflect/GeneratedMethodAccessor81'
Event: 774.294 Thread 0x0000021424e5a750 Unloading class 0x000000010014e000 'jdk/internal/reflect/GeneratedSerializationConstructorAccessor56'
Event: 774.294 Thread 0x0000021424e5a750 Unloading class 0x000000010014dc00 'jdk/internal/reflect/GeneratedSerializationConstructorAccessor55'
Event: 774.294 Thread 0x0000021424e5a750 Unloading class 0x0000000100140000 'jdk/internal/reflect/GeneratedMethodAccessor78'
Event: 774.294 Thread 0x0000021424e5a750 Unloading class 0x00000001000c6c00 'jdk/internal/reflect/GeneratedMethodAccessor77'
Event: 774.294 Thread 0x0000021424e5a750 Unloading class 0x00000001000c5000 'jdk/internal/reflect/GeneratedMethodAccessor75'
Event: 774.294 Thread 0x0000021424e5a750 Unloading class 0x0000000100a81000 'jdk/internal/reflect/GeneratedMethodAccessor74'
Event: 1117.142 Thread 0x0000021424e5a750 Unloading class 0x0000000100934800 'jdk/internal/reflect/GeneratedSerializationConstructorAccessor58'
Event: 1151.328 Thread 0x0000021424e5a750 Unloading class 0x000000010044cc00 'jdk/internal/reflect/GeneratedSerializationConstructorAccessor61'
Event: 1151.328 Thread 0x0000021424e5a750 Unloading class 0x00000001004cdc00 'jdk/internal/reflect/GeneratedSerializationConstructorAccessor60'
Event: 1151.328 Thread 0x0000021424e5a750 Unloading class 0x00000001004ce800 'jdk/internal/reflect/GeneratedSerializationConstructorAccessor59'
Event: 1151.328 Thread 0x0000021424e5a750 Unloading class 0x0000000100a44800 'jdk/internal/reflect/GeneratedMethodAccessor93'
Event: 1151.328 Thread 0x0000021424e5a750 Unloading class 0x0000000100a44000 'jdk/internal/reflect/GeneratedMethodAccessor92'
Event: 1151.328 Thread 0x0000021424e5a750 Unloading class 0x000000010014c400 'jdk/internal/reflect/GeneratedMethodAccessor91'
Event: 1151.328 Thread 0x0000021424e5a750 Unloading class 0x00000001003ea000 'jdk/internal/reflect/GeneratedMethodAccessor90'
Event: 1427.638 Thread 0x0000021424e5a750 Unloading class 0x0000000100aa2000 'jdk/internal/reflect/GeneratedSerializationConstructorAccessor65'
Event: 1427.638 Thread 0x0000021424e5a750 Unloading class 0x0000000100aa1c00 'jdk/internal/reflect/GeneratedSerializationConstructorAccessor64'
Event: 1427.638 Thread 0x0000021424e5a750 Unloading class 0x0000000100aa1800 'jdk/internal/reflect/GeneratedSerializationConstructorAccessor63'
Event: 1427.638 Thread 0x0000021424e5a750 Unloading class 0x0000000100aa0000 'jdk/internal/reflect/GeneratedSerializationConstructorAccessor62'
Event: 1464.759 Thread 0x0000021424e5a750 Unloading class 0x0000000100aa1400 'jdk/internal/reflect/GeneratedMethodAccessor109'

Classes redefined (0 events):
No events

Internal exceptions (20 events):
Event: 564.662 Thread 0x0000021434a51770 Exception <a 'java/io/IOException'{0x00000000c92f22a8}> (0x00000000c92f22a8) 
thrown [s\src\hotspot\share\prims\jni.cpp, line 516]
Event: 699.787 Thread 0x0000021430fa7e20 Exception <a 'java/lang/NoSuchMethodError'{0x00000000c950dd98}: static [B.<clinit>()V> (0x00000000c950dd98) 
thrown [s\src\hotspot\share\prims\jni.cpp, line 1107]
Event: 773.551 Thread 0x0000021434a525e0 Exception <a 'java/lang/ClassNotFoundException'{0x00000000c7ae2c50}: java/lang/ObjectCustomizer> (0x00000000c7ae2c50) 
thrown [s\src\hotspot\share\classfile\systemDictionary.cpp, line 256]
Event: 773.553 Thread 0x0000021434a525e0 Exception <a 'java/lang/ClassNotFoundException'{0x00000000c7af2a90}: com/ecommerce/library/dto/CustomUserDtoCustomizer> (0x00000000c7af2a90) 
thrown [s\src\hotspot\share\classfile\systemDictionary.cpp, line 256]
Event: 999.797 Thread 0x0000021430fa7e20 Exception <a 'java/lang/NoSuchMethodError'{0x00000000c85e1180}: static [B.<clinit>()V> (0x00000000c85e1180) 
thrown [s\src\hotspot\share\prims\jni.cpp, line 1107]
Event: 1299.803 Thread 0x0000021430fa7e20 Exception <a 'java/lang/NoSuchMethodError'{0x00000000c87f7ee8}: static [B.<clinit>()V> (0x00000000c87f7ee8) 
thrown [s\src\hotspot\share\prims\jni.cpp, line 1107]
Event: 1599.795 Thread 0x0000021430fa7e20 Exception <a 'java/lang/NoSuchMethodError'{0x00000000fff2edf8}: static [B.<clinit>()V> (0x00000000fff2edf8) 
thrown [s\src\hotspot\share\prims\jni.cpp, line 1107]
Event: 1899.789 Thread 0x0000021430fa7e20 Exception <a 'java/lang/NoSuchMethodError'{0x00000000c8f1b140}: static [B.<clinit>()V> (0x00000000c8f1b140) 
thrown [s\src\hotspot\share\prims\jni.cpp, line 1107]
Event: 2157.969 Thread 0x0000021430faa970 Exception <a 'java/io/IOException'{0x00000000c6001590}> (0x00000000c6001590) 
thrown [s\src\hotspot\share\prims\jni.cpp, line 516]
Event: 2157.969 Thread 0x0000021430faa970 Exception <a 'java/io/IOException'{0x00000000c60020d0}> (0x00000000c60020d0) 
thrown [s\src\hotspot\share\prims\jni.cpp, line 516]
Event: 2166.151 Thread 0x0000021430faa970 Exception <a 'java/io/IOException'{0x00000000c5d043f8}> (0x00000000c5d043f8) 
thrown [s\src\hotspot\share\prims\jni.cpp, line 516]
Event: 2166.152 Thread 0x0000021430faa970 Exception <a 'java/io/IOException'{0x00000000c5d04f38}> (0x00000000c5d04f38) 
thrown [s\src\hotspot\share\prims\jni.cpp, line 516]
Event: 2169.880 Thread 0x0000021430faa970 Exception <a 'java/io/IOException'{0x00000000c5d07830}> (0x00000000c5d07830) 
thrown [s\src\hotspot\share\prims\jni.cpp, line 516]
Event: 2169.880 Thread 0x0000021430faa970 Exception <a 'java/io/IOException'{0x00000000c5d08370}> (0x00000000c5d08370) 
thrown [s\src\hotspot\share\prims\jni.cpp, line 516]
Event: 2175.119 Thread 0x0000021430faa970 Exception <a 'java/io/IOException'{0x00000000c5d0d430}> (0x00000000c5d0d430) 
thrown [s\src\hotspot\share\prims\jni.cpp, line 516]
Event: 2175.122 Thread 0x0000021430faa970 Exception <a 'java/io/IOException'{0x00000000c5d0df70}> (0x00000000c5d0df70) 
thrown [s\src\hotspot\share\prims\jni.cpp, line 516]
Event: 2178.441 Thread 0x0000021430faa970 Exception <a 'java/io/IOException'{0x00000000c5d13020}> (0x00000000c5d13020) 
thrown [s\src\hotspot\share\prims\jni.cpp, line 516]
Event: 2178.441 Thread 0x0000021430faa970 Exception <a 'java/io/IOException'{0x00000000c5d13b60}> (0x00000000c5d13b60) 
thrown [s\src\hotspot\share\prims\jni.cpp, line 516]
Event: 2190.378 Thread 0x0000021430faa970 Exception <a 'java/io/IOException'{0x00000000fff01478}> (0x00000000fff01478) 
thrown [s\src\hotspot\share\prims\jni.cpp, line 516]
Event: 2190.378 Thread 0x0000021430faa970 Exception <a 'java/io/IOException'{0x00000000fff01fb8}> (0x00000000fff01fb8) 
thrown [s\src\hotspot\share\prims\jni.cpp, line 516]

VM Operations (20 events):
Event: 1608.621 Executing VM operation: Cleanup
Event: 1608.621 Executing VM operation: Cleanup done
Event: 1840.148 Executing VM operation: G1CollectForAllocation
Event: 1840.152 Executing VM operation: G1CollectForAllocation done
Event: 1867.814 Executing VM operation: G1CollectForAllocation
Event: 1867.818 Executing VM operation: G1CollectForAllocation done
Event: 2158.245 Executing VM operation: Cleanup
Event: 2158.245 Executing VM operation: Cleanup done
Event: 2159.255 Executing VM operation: Cleanup
Event: 2159.255 Executing VM operation: Cleanup done
Event: 2166.319 Executing VM operation: Cleanup
Event: 2166.319 Executing VM operation: Cleanup done
Event: 2175.357 Executing VM operation: Cleanup
Event: 2175.357 Executing VM operation: Cleanup done
Event: 2178.358 Executing VM operation: Cleanup
Event: 2178.358 Executing VM operation: Cleanup done
Event: 2180.358 Executing VM operation: Cleanup
Event: 2180.358 Executing VM operation: Cleanup done
Event: 2190.370 Executing VM operation: G1CollectForAllocation
Event: 2190.376 Executing VM operation: G1CollectForAllocation done

Events (20 events):
Event: 773.550 loading class java/lang/ObjectCustomizer
Event: 773.550 loading class java/lang/ObjectCustomizer done
Event: 773.551 loading class java/lang/ObjectCustomizer
Event: 773.551 loading class java/lang/ObjectCustomizer done
Event: 867.513 Thread 0x00000214353ce910 Thread added: 0x00000214353ce910
Event: 869.201 Thread 0x00000214353ce910 Thread exited: 0x00000214353ce910
Event: 1132.261 loading class java/util/concurrent/atomic/AtomicReferenceArray
Event: 1132.261 loading class java/util/concurrent/atomic/AtomicReferenceArray done
Event: 1132.283 loading class java/lang/invoke/VarHandleReferences$Array
Event: 1132.300 loading class java/lang/invoke/VarHandleReferences$Array done
Event: 2157.965 Thread 0x0000021430faa970 Thread added: 0x0000021430faa970
Event: 2157.966 Thread 0x0000021430faae40 Thread added: 0x0000021430faae40
Event: 2162.978 Thread 0x0000021430faa970 Thread exited: 0x0000021430faa970
Event: 2163.591 Thread 0x0000021430faae40 Thread exited: 0x0000021430faae40
Event: 2165.762 Thread 0x0000021430faa970 Thread added: 0x0000021430faa970
Event: 2165.762 Thread 0x0000021430faae40 Thread added: 0x0000021430faae40
Event: 2183.442 Thread 0x0000021430faa970 Thread exited: 0x0000021430faa970
Event: 2183.489 Thread 0x0000021430faae40 Thread exited: 0x0000021430faae40
Event: 2190.367 Thread 0x0000021430faa970 Thread added: 0x0000021430faa970
Event: 2190.367 Thread 0x0000021430fa82f0 Thread added: 0x0000021430fa82f0


Dynamic libraries:
0x00007ff6a6d70000 - 0x00007ff6a6d7e000 	C:\Program Files\sts-4.16.1.RELEASE\plugins\org.eclipse.justj.openjdk.hotspot.jre.full.win32.x86_64_17.0.4.v20221004-1257\jre\bin\javaw.exe
0x00007ffecb670000 - 0x00007ffecb868000 	C:\Windows\SYSTEM32\ntdll.dll
0x00007ffec9fe0000 - 0x00007ffeca09f000 	C:\Windows\System32\KERNEL32.DLL
0x00007ffec93e0000 - 0x00007ffec96b2000 	C:\Windows\System32\KERNELBASE.dll
0x00007ffec9210000 - 0x00007ffec9310000 	C:\Windows\System32\ucrtbase.dll
0x00007ffeb58a0000 - 0x00007ffeb58b9000 	C:\Program Files\sts-4.16.1.RELEASE\plugins\org.eclipse.justj.openjdk.hotspot.jre.full.win32.x86_64_17.0.4.v20221004-1257\jre\bin\VCRUNTIME140.dll
0x00007ffebe740000 - 0x00007ffebe758000 	C:\Program Files\sts-4.16.1.RELEASE\plugins\org.eclipse.justj.openjdk.hotspot.jre.full.win32.x86_64_17.0.4.v20221004-1257\jre\bin\jli.dll
0x00007ffeca5f0000 - 0x00007ffeca78d000 	C:\Windows\System32\USER32.dll
0x00007ffec93b0000 - 0x00007ffec93d2000 	C:\Windows\System32\win32u.dll
0x00007ffecaae0000 - 0x00007ffecab0b000 	C:\Windows\System32\GDI32.dll
0x00007ffec8d70000 - 0x00007ffec8e7f000 	C:\Windows\System32\gdi32full.dll
0x00007ffec9310000 - 0x00007ffec93ad000 	C:\Windows\System32\msvcp_win.dll
0x00007ffeb60c0000 - 0x00007ffeb635a000 	C:\Windows\WinSxS\amd64_microsoft.windows.common-controls_6595b64144ccf1df_6.0.19041.1110_none_60b5254171f9507e\COMCTL32.dll
0x00007ffec9e10000 - 0x00007ffec9eae000 	C:\Windows\System32\msvcrt.dll
0x00007ffecb4f0000 - 0x00007ffecb522000 	C:\Windows\System32\IMM32.DLL
0x00007ffebfe60000 - 0x00007ffebfe6c000 	C:\Program Files\sts-4.16.1.RELEASE\plugins\org.eclipse.justj.openjdk.hotspot.jre.full.win32.x86_64_17.0.4.v20221004-1257\jre\bin\vcruntime140_1.dll
0x00007ffea71a0000 - 0x00007ffea7231000 	C:\Program Files\sts-4.16.1.RELEASE\plugins\org.eclipse.justj.openjdk.hotspot.jre.full.win32.x86_64_17.0.4.v20221004-1257\jre\bin\msvcp140.dll
0x00007ffe96110000 - 0x00007ffe96d56000 	C:\Program Files\sts-4.16.1.RELEASE\plugins\org.eclipse.justj.openjdk.hotspot.jre.full.win32.x86_64_17.0.4.v20221004-1257\jre\bin\server\jvm.dll
0x00007ffecae40000 - 0x00007ffecaeee000 	C:\Windows\System32\ADVAPI32.dll
0x00007ffecafd0000 - 0x00007ffecb06c000 	C:\Windows\System32\sechost.dll
0x00007ffeca150000 - 0x00007ffeca275000 	C:\Windows\System32\RPCRT4.dll
0x00007ffecb4e0000 - 0x00007ffecb4e8000 	C:\Windows\System32\PSAPI.DLL
0x00007ffeb3020000 - 0x00007ffeb3047000 	C:\Windows\SYSTEM32\WINMM.dll
0x00007ffeb88a0000 - 0x00007ffeb88aa000 	C:\Windows\SYSTEM32\VERSION.dll
0x00007ffec4740000 - 0x00007ffec4749000 	C:\Windows\SYSTEM32\WSOCK32.dll
0x00007ffecb530000 - 0x00007ffecb59b000 	C:\Windows\System32\WS2_32.dll
0x00007ffec6c30000 - 0x00007ffec6c42000 	C:\Windows\SYSTEM32\kernel.appcore.dll
0x00007ffec4730000 - 0x00007ffec473a000 	C:\Program Files\sts-4.16.1.RELEASE\plugins\org.eclipse.justj.openjdk.hotspot.jre.full.win32.x86_64_17.0.4.v20221004-1257\jre\bin\jimage.dll
0x00007ffeb9540000 - 0x00007ffeb9724000 	C:\Windows\SYSTEM32\DBGHELP.DLL
0x00007ffeb8b30000 - 0x00007ffeb8b5c000 	C:\Windows\SYSTEM32\dbgcore.DLL
0x00007ffec8e80000 - 0x00007ffec8f02000 	C:\Windows\System32\bcryptPrimitives.dll
0x00007ffebd8e0000 - 0x00007ffebd905000 	C:\Program Files\sts-4.16.1.RELEASE\plugins\org.eclipse.justj.openjdk.hotspot.jre.full.win32.x86_64_17.0.4.v20221004-1257\jre\bin\java.dll
0x00007ffebdc80000 - 0x00007ffebdc98000 	C:\Program Files\sts-4.16.1.RELEASE\plugins\org.eclipse.justj.openjdk.hotspot.jre.full.win32.x86_64_17.0.4.v20221004-1257\jre\bin\zip.dll
0x00007ffec96c0000 - 0x00007ffec9e03000 	C:\Windows\System32\SHELL32.dll
0x00007ffec6e30000 - 0x00007ffec75c2000 	C:\Windows\SYSTEM32\windows.storage.dll
0x00007ffeca290000 - 0x00007ffeca5e4000 	C:\Windows\System32\combase.dll
0x00007ffec86f0000 - 0x00007ffec8720000 	C:\Windows\SYSTEM32\Wldp.dll
0x00007ffeca0a0000 - 0x00007ffeca14d000 	C:\Windows\System32\SHCORE.dll
0x00007ffecaa70000 - 0x00007ffecaac5000 	C:\Windows\System32\shlwapi.dll
0x00007ffec8cb0000 - 0x00007ffec8ccf000 	C:\Windows\SYSTEM32\profapi.dll
0x00007ffebac40000 - 0x00007ffebac59000 	C:\Program Files\sts-4.16.1.RELEASE\plugins\org.eclipse.justj.openjdk.hotspot.jre.full.win32.x86_64_17.0.4.v20221004-1257\jre\bin\net.dll
0x00007ffeba870000 - 0x00007ffeba97c000 	C:\Windows\SYSTEM32\WINHTTP.dll
0x00007ffec8450000 - 0x00007ffec84ba000 	C:\Windows\system32\mswsock.dll
0x00007ffeb9370000 - 0x00007ffeb9385000 	C:\Program Files\sts-4.16.1.RELEASE\plugins\org.eclipse.justj.openjdk.hotspot.jre.full.win32.x86_64_17.0.4.v20221004-1257\jre\bin\nio.dll
0x00007ffebd9e0000 - 0x00007ffebd9e9000 	C:\Program Files\sts-4.16.1.RELEASE\plugins\org.eclipse.justj.openjdk.hotspot.jre.full.win32.x86_64_17.0.4.v20221004-1257\jre\bin\management.dll
0x00007ffebd8d0000 - 0x00007ffebd8db000 	C:\Program Files\sts-4.16.1.RELEASE\plugins\org.eclipse.justj.openjdk.hotspot.jre.full.win32.x86_64_17.0.4.v20221004-1257\jre\bin\management_ext.dll
0x00007ffeb7b50000 - 0x00007ffeb7b67000 	C:\Windows\system32\napinsp.dll
0x00007ffeb7b30000 - 0x00007ffeb7b4b000 	C:\Windows\system32\pnrpnsp.dll
0x00007ffec4100000 - 0x00007ffec4115000 	C:\Windows\system32\wshbth.dll
0x00007ffec4700000 - 0x00007ffec471d000 	C:\Windows\system32\NLAapi.dll
0x00007ffec8140000 - 0x00007ffec817b000 	C:\Windows\SYSTEM32\IPHLPAPI.DLL
0x00007ffec8180000 - 0x00007ffec824a000 	C:\Windows\SYSTEM32\DNSAPI.dll
0x00007ffecaad0000 - 0x00007ffecaad8000 	C:\Windows\System32\NSI.dll
0x00007ffeb7b00000 - 0x00007ffeb7b12000 	C:\Windows\System32\winrnr.dll
0x00007ffeba830000 - 0x00007ffeba83a000 	C:\Windows\System32\rasadhlp.dll
0x00007ffebaa80000 - 0x00007ffebab00000 	C:\Windows\System32\fwpuclnt.dll
0x00007ffec91e0000 - 0x00007ffec9207000 	C:\Windows\System32\bcrypt.dll
0x00007ffec8640000 - 0x00007ffec8658000 	C:\Windows\SYSTEM32\CRYPTSP.dll
0x00007ffec7d70000 - 0x00007ffec7da4000 	C:\Windows\system32\rsaenh.dll
0x00007ffec8c30000 - 0x00007ffec8c5e000 	C:\Windows\SYSTEM32\USERENV.dll
0x00007ffec8660000 - 0x00007ffec866c000 	C:\Windows\SYSTEM32\CRYPTBASE.dll
0x00007ffebe170000 - 0x00007ffebe187000 	C:\Windows\SYSTEM32\dhcpcsvc6.DLL
0x00007ffebe3d0000 - 0x00007ffebe3ed000 	C:\Windows\SYSTEM32\dhcpcsvc.DLL
0x00007ffec2940000 - 0x00007ffec2950000 	C:\Program Files\sts-4.16.1.RELEASE\plugins\org.eclipse.justj.openjdk.hotspot.jre.full.win32.x86_64_17.0.4.v20221004-1257\jre\bin\verify.dll
0x00007ffec1ec0000 - 0x00007ffec1ece000 	C:\Program Files\sts-4.16.1.RELEASE\plugins\org.eclipse.justj.openjdk.hotspot.jre.full.win32.x86_64_17.0.4.v20221004-1257\jre\bin\sunmscapi.dll
0x00007ffec9080000 - 0x00007ffec91d6000 	C:\Windows\System32\CRYPT32.dll
0x00007ffec8760000 - 0x00007ffec8787000 	C:\Windows\SYSTEM32\ncrypt.dll
0x00007ffec8720000 - 0x00007ffec875b000 	C:\Windows\SYSTEM32\NTASN1.dll
0x00007ffec4790000 - 0x00007ffec4797000 	C:\Windows\system32\wshunix.dll

dbghelp: loaded successfully - version: 4.0.5 - missing functions: none
symbol engine: initialized successfully - sym options: 0x614 - pdb path: .;C:\Program Files\sts-4.16.1.RELEASE\plugins\org.eclipse.justj.openjdk.hotspot.jre.full.win32.x86_64_17.0.4.v20221004-1257\jre\bin;C:\Windows\SYSTEM32;C:\Windows\WinSxS\amd64_microsoft.windows.common-controls_6595b64144ccf1df_6.0.19041.1110_none_60b5254171f9507e;C:\Program Files\sts-4.16.1.RELEASE\plugins\org.eclipse.justj.openjdk.hotspot.jre.full.win32.x86_64_17.0.4.v20221004-1257\jre\bin\server

VM Arguments:
jvm_args: -Dcom.sun.management.jmxremote -Dcom.sun.management.jmxremote.port=61779 -Dcom.sun.management.jmxremote.authenticate=false -Dcom.sun.management.jmxremote.ssl=false -Djava.rmi.server.hostname=localhost -Dspring.jmx.enabled=true -Dspring.application.admin.enabled=true -XX:TieredStopAtLevel=1 -Dspring.boot.project.name=user -Dfile.encoding=UTF-8 -XX:+ShowCodeDetailsInExceptionMessages 
java_command: com.ecommerce.user.UserApplication --spring.output.ansi.enabled=always
java_class_path (initial): E:\springEcommerce\ecommerce\user\target\classes;C:\Users\ELMORCHED\.m2\repository\org\springframework\boot\spring-boot-starter-data-jpa\2.7.6\spring-boot-starter-data-jpa-2.7.6.jar;C:\Users\ELMORCHED\.m2\repository\org\springframework\boot\spring-boot-starter-aop\2.7.6\spring-boot-starter-aop-2.7.6.jar;C:\Users\ELMORCHED\.m2\repository\org\aspectj\aspectjweaver\1.9.7\aspectjweaver-1.9.7.jar;C:\Users\ELMORCHED\.m2\repository\org\springframework\boot\spring-boot-starter-jdbc\2.7.6\spring-boot-starter-jdbc-2.7.6.jar;C:\Users\ELMORCHED\.m2\repository\com\zaxxer\HikariCP\4.0.3\HikariCP-4.0.3.jar;C:\Users\ELMORCHED\.m2\repository\org\springframework\spring-jdbc\5.3.24\spring-jdbc-5.3.24.jar;C:\Users\ELMORCHED\.m2\repository\jakarta\transaction\jakarta.transaction-api\1.3.3\jakarta.transaction-api-1.3.3.jar;C:\Users\ELMORCHED\.m2\repository\jakarta\persistence\jakarta.persistence-api\2.2.3\jakarta.persistence-api-2.2.3.jar;C:\Users\ELMORCHED\.m2\repository\org\hibernate\hibernate-core\5.6.14.Final\hibernate-core-5.6.14.Final.jar;C:\Users\ELMORCHED\.m2\repository\org\jboss\logging\jboss-logging\3.4.3.Final\jboss-logging-3.4.3.Final.jar;C:\Users\ELMORCHED\.m2\repository\net\bytebuddy\byte-buddy\1.12.19\byte-buddy-1.12.19.jar;C:\Users\ELMORCHED\.m2\repository\antlr\antlr\2.7.7\antlr-2.7.7.jar;C:\Users\ELMORCHED\.m2\repository\org\jboss\jandex\2.4.2.Final\jandex-2.4.2.Final.jar;C:\Users\ELMORCHED\.m2\repository\com\fasterxml\classmate\1.5.1\classmate-1.5.1.jar;C:\Users\ELMORCHED\.m2\repository\org\hibernate\common\hibernate-commons-annotations\5.1.2.Final\hibernate-commons-annotations-5.1.2.Final.jar;C:\Users\ELMORCHED\.m2\repository\org\glassfish\jaxb\jaxb-runtime\2.3.7\jaxb-runtime-2.3.7.jar;C:\Users\ELMORCHED\.m2\repository\org\glassfish\jaxb\txw2\2.3.7\txw2-2.3.7.jar;C:\Users\ELMORCHED\.m2\repository\com\sun\istack\istack-commons-runtime\3.0.12\istack-commons-runtime-3.0.12.jar;C:\Users\ELMORCHED\.m2\repository\org\springframework\data\spring-
Launcher Type: SUN_STANDARD

[Global flags]
     intx CICompilerCount                          = 2                                         {product} {ergonomic}
     uint ConcGCThreads                            = 1                                         {product} {ergonomic}
     uint G1ConcRefinementThreads                  = 2                                         {product} {ergonomic}
   size_t G1HeapRegionSize                         = 1048576                                   {product} {ergonomic}
    uintx GCDrainStackTargetSize                   = 64                                        {product} {ergonomic}
   size_t InitialHeapSize                          = 67108864                                  {product} {ergonomic}
     bool ManagementServer                         = true                                      {product} {command line}
   size_t MarkStackSize                            = 4194304                                   {product} {ergonomic}
   size_t MaxHeapSize                              = 1059061760                                {product} {ergonomic}
   size_t MaxNewSize                               = 635437056                                 {product} {ergonomic}
   size_t MinHeapDeltaBytes                        = 1048576                                   {product} {ergonomic}
   size_t MinHeapSize                              = 8388608                                   {product} {ergonomic}
    uintx NonProfiledCodeHeapSize                  = 0                                      {pd product} {ergonomic}
     bool ProfileInterpreter                       = false                                  {pd product} {command line}
    uintx ProfiledCodeHeapSize                     = 0                                      {pd product} {ergonomic}
     bool ShowCodeDetailsInExceptionMessages       = true                                   {manageable} {command line}
   size_t SoftMaxHeapSize                          = 1059061760                             {manageable} {ergonomic}
     intx TieredStopAtLevel                        = 1                                         {product} {command line}
     bool UseCompressedClassPointers               = true                           {product lp64_product} {ergonomic}
     bool UseCompressedOops                        = true                           {product lp64_product} {ergonomic}
     bool UseG1GC                                  = true                                      {product} {ergonomic}
     bool UseLargePagesIndividualAllocation        = false                                  {pd product} {ergonomic}

Logging:
Log output configuration:
 #0: stdout all=warning uptime,level,tags
 #1: stderr all=off uptime,level,tags

Environment Variables:
PATH=C:/Program Files/sts-4.16.1.RELEASE//plugins/org.eclipse.justj.openjdk.hotspot.jre.full.win32.x86_64_17.0.4.v20221004-1257/jre/bin/server;C:/Program Files/sts-4.16.1.RELEASE//plugins/org.eclipse.justj.openjdk.hotspot.jre.full.win32.x86_64_17.0.4.v20221004-1257/jre/bin;C:\Program Files\Common Files\Oracle\Java\javapath;C:\Windows\system32;C:\Windows;C:\Windows\System32\Wbem;C:\Windows\System32\WindowsPowerShell\v1.0\;C:\Windows\System32\OpenSSH\;C:\Program Files\MySQL\MySQL Shell 8.0\bin\;C:\Users\ELMORCHED\AppData\Local\Microsoft\WindowsApps;;C:\Program Files\sts-4.16.1.RELEASE;
USERNAME=ELMORCHED
OS=Windows_NT
PROCESSOR_IDENTIFIER=Intel64 Family 6 Model 42 Stepping 7, GenuineIntel
TMP=C:\Users\ELMORC~1\AppData\Local\Temp
TEMP=C:\Users\ELMORC~1\AppData\Local\Temp



---------------  S Y S T E M  ---------------

OS:
 Windows 10 , 64 bit Build 19041 (10.0.19041.2251)
OS uptime: 3 days 11:14 hours

CPU: total 2 (initial active 2) (2 cores per cpu, 1 threads per core) family 6 model 42 stepping 7 microcode 0x2f, cx8, cmov, fxsr, mmx, sse, sse2, sse3, ssse3, sse4.1, sse4.2, popcnt, tsc, tscinvbit, clmul, clflush

Memory: 4k page, system-wide physical 4039M (717M free)
TotalPageFile size 9232M (AvailPageFile size 3404M)
current process WorkingSet (physical memory assigned to process): 287M, peak: 326M
current process commit charge ("private bytes"): 332M, peak: 525M

vm_info: OpenJDK 64-Bit Server VM (17.0.4.1+1) for windows-amd64 JRE (17.0.4.1+1), built on Aug 17 2022 07:42:43 by "temurin" with MS VC++ 16.7 (VS2019)

END.
